2025-12-10 20:03:39.417 | INFO     | __main__:<module>:34 - Demande de citation aléatoire à http://127.0.0.1:9000/read/random/
2025-12-10 20:03:39.417 | INFO     | __main__:<module>:34 - Demande de citation aléatoire à http://127.0.0.1:9000/read/random/
2025-12-10 20:03:39.456 | INFO     | __main__:<module>:39 - Réponse backend random: {'id': 1, 'text': "Le mal c'est pas bien"}
2025-12-10 20:03:39.456 | INFO     | __main__:<module>:39 - Réponse backend random: {'id': 1, 'text': "Le mal c'est pas bien"}
2025-12-10 20:03:43.081 | INFO     | __main__:<module>:108 - Envoi à l'API IA pour analyse: ID=1
2025-12-10 20:03:43.081 | INFO     | __main__:<module>:108 - Envoi à l'API IA pour analyse: ID=1
2025-12-10 20:03:43.081 | INFO     | __main__:<module>:108 - Envoi à l'API IA pour analyse: ID=1
2025-12-10 20:03:45.119 | ERROR    | __main__:<module>:126 - Erreur de connexion à l'API IA
Traceback (most recent call last):

  File "C:\Users\TIM\Documents\Info\Simplon\BriefsSimplonOnline\Brief_2_Developper_une_Aplication_Web_d_Analyse_de_Sentiment_Basee_sur_une_API\FAST_API_INITIATION\.venv\Lib\site-packages\urllib3\connection.py", line 204, in _new_conn
    sock = connection.create_connection(
           │          └ <function create_connection at 0x0000029456A03600>
           └ <module 'urllib3.util.connection' from 'C:\\Users\\TIM\\Documents\\Info\\Simplon\\BriefsSimplonOnline\\Brief_2_Developper_une...
  File "C:\Users\TIM\Documents\Info\Simplon\BriefsSimplonOnline\Brief_2_Developper_une_Aplication_Web_d_Analyse_de_Sentiment_Basee_sur_une_API\FAST_API_INITIATION\.venv\Lib\site-packages\urllib3\util\connection.py", line 85, in create_connection
    raise err
          └ None
  File "C:\Users\TIM\Documents\Info\Simplon\BriefsSimplonOnline\Brief_2_Developper_une_Aplication_Web_d_Analyse_de_Sentiment_Basee_sur_une_API\FAST_API_INITIATION\.venv\Lib\site-packages\urllib3\util\connection.py", line 73, in create_connection
    sock.connect(sa)
    │    │       └ ('127.0.0.1', 8000)
    │    └ <method 'connect' of '_socket.socket' objects>
    └ <socket.socket [closed] fd=-1, family=2, type=1, proto=0>

ConnectionRefusedError: [WinError 10061] Aucune connexion n’a pu être établie car l’ordinateur cible l’a expressément refusée


The above exception was the direct cause of the following exception:


Traceback (most recent call last):

  File "C:\Users\TIM\Documents\Info\Simplon\BriefsSimplonOnline\Brief_2_Developper_une_Aplication_Web_d_Analyse_de_Sentiment_Basee_sur_une_API\FAST_API_INITIATION\.venv\Lib\site-packages\urllib3\connectionpool.py", line 787, in urlopen
    response = self._make_request(
               │    └ <function HTTPConnectionPool._make_request at 0x0000029456CE65C0>
               └ <urllib3.connectionpool.HTTPConnectionPool object at 0x0000029471820A90>
  File "C:\Users\TIM\Documents\Info\Simplon\BriefsSimplonOnline\Brief_2_Developper_une_Aplication_Web_d_Analyse_de_Sentiment_Basee_sur_une_API\FAST_API_INITIATION\.venv\Lib\site-packages\urllib3\connectionpool.py", line 493, in _make_request
    conn.request(
    │    └ <function HTTPConnection.request at 0x0000029456CCE340>
    └ <HTTPConnection(host='127.0.0.1', port=8000) at 0x29471820fd0>
  File "C:\Users\TIM\Documents\Info\Simplon\BriefsSimplonOnline\Brief_2_Developper_une_Aplication_Web_d_Analyse_de_Sentiment_Basee_sur_une_API\FAST_API_INITIATION\.venv\Lib\site-packages\urllib3\connection.py", line 500, in request
    self.endheaders()
    │    └ <function HTTPConnection.endheaders at 0x0000029453963380>
    └ <HTTPConnection(host='127.0.0.1', port=8000) at 0x29471820fd0>
  File "C:\Users\TIM\AppData\Local\Programs\Python\Python311\Lib\http\client.py", line 1298, in endheaders
    self._send_output(message_body, encode_chunked=encode_chunked)
    │    │            │                            └ False
    │    │            └ None
    │    └ <function HTTPConnection._send_output at 0x0000029453962F20>
    └ <HTTPConnection(host='127.0.0.1', port=8000) at 0x29471820fd0>
  File "C:\Users\TIM\AppData\Local\Programs\Python\Python311\Lib\http\client.py", line 1058, in _send_output
    self.send(msg)
    │    │    └ b'POST /analyse_sentiment/ HTTP/1.1\r\nHost: 127.0.0.1:8000\r\nUser-Agent: python-requests/2.32.5\r\nAccept-Encoding: gzip, d...
    │    └ <function HTTPConnection.send at 0x0000029453962D40>
    └ <HTTPConnection(host='127.0.0.1', port=8000) at 0x29471820fd0>
  File "C:\Users\TIM\AppData\Local\Programs\Python\Python311\Lib\http\client.py", line 996, in send
    self.connect()
    │    └ <function HTTPConnection.connect at 0x0000029456CCDDA0>
    └ <HTTPConnection(host='127.0.0.1', port=8000) at 0x29471820fd0>
  File "C:\Users\TIM\Documents\Info\Simplon\BriefsSimplonOnline\Brief_2_Developper_une_Aplication_Web_d_Analyse_de_Sentiment_Basee_sur_une_API\FAST_API_INITIATION\.venv\Lib\site-packages\urllib3\connection.py", line 331, in connect
    self.sock = self._new_conn()
    │    │      │    └ <function HTTPConnection._new_conn at 0x0000029456CCDC60>
    │    │      └ <HTTPConnection(host='127.0.0.1', port=8000) at 0x29471820fd0>
    │    └ None
    └ <HTTPConnection(host='127.0.0.1', port=8000) at 0x29471820fd0>
  File "C:\Users\TIM\Documents\Info\Simplon\BriefsSimplonOnline\Brief_2_Developper_une_Aplication_Web_d_Analyse_de_Sentiment_Basee_sur_une_API\FAST_API_INITIATION\.venv\Lib\site-packages\urllib3\connection.py", line 219, in _new_conn
    raise NewConnectionError(
          └ <class 'urllib3.exceptions.NewConnectionError'>

urllib3.exceptions.NewConnectionError: HTTPConnection(host='127.0.0.1', port=8000): Failed to establish a new connection: [WinError 10061] Aucune connexion n’a pu être établie car l’ordinateur cible l’a expressément refusée


The above exception was the direct cause of the following exception:


Traceback (most recent call last):

  File "C:\Users\TIM\Documents\Info\Simplon\BriefsSimplonOnline\Brief_2_Developper_une_Aplication_Web_d_Analyse_de_Sentiment_Basee_sur_une_API\FAST_API_INITIATION\.venv\Lib\site-packages\requests\adapters.py", line 644, in send
    resp = conn.urlopen(
           │    └ <function HTTPConnectionPool.urlopen at 0x0000029456CE67A0>
           └ <urllib3.connectionpool.HTTPConnectionPool object at 0x0000029471820A90>
  File "C:\Users\TIM\Documents\Info\Simplon\BriefsSimplonOnline\Brief_2_Developper_une_Aplication_Web_d_Analyse_de_Sentiment_Basee_sur_une_API\FAST_API_INITIATION\.venv\Lib\site-packages\urllib3\connectionpool.py", line 841, in urlopen
    retries = retries.increment(
              │       └ <function Retry.increment at 0x0000029456CF1B20>
              └ Retry(total=0, connect=None, read=False, redirect=None, status=None)
  File "C:\Users\TIM\Documents\Info\Simplon\BriefsSimplonOnline\Brief_2_Developper_une_Aplication_Web_d_Analyse_de_Sentiment_Basee_sur_une_API\FAST_API_INITIATION\.venv\Lib\site-packages\urllib3\util\retry.py", line 519, in increment
    raise MaxRetryError(_pool, url, reason) from reason  # type: ignore[arg-type]
          │             │      │    │            └ NewConnectionError("HTTPConnection(host='127.0.0.1', port=8000): Failed to establish a new connection: [WinError 10061] Aucun...
          │             │      │    └ NewConnectionError("HTTPConnection(host='127.0.0.1', port=8000): Failed to establish a new connection: [WinError 10061] Aucun...
          │             │      └ '/analyse_sentiment/'
          │             └ <urllib3.connectionpool.HTTPConnectionPool object at 0x0000029471820A90>
          └ <class 'urllib3.exceptions.MaxRetryError'>

urllib3.exceptions.MaxRetryError: HTTPConnectionPool(host='127.0.0.1', port=8000): Max retries exceeded with url: /analyse_sentiment/ (Caused by NewConnectionError("HTTPConnection(host='127.0.0.1', port=8000): Failed to establish a new connection: [WinError 10061] Aucune connexion n’a pu être établie car l’ordinateur cible l’a expressément refusée"))


During handling of the above exception, another exception occurred:


Traceback (most recent call last):

  File "C:\Users\TIM\AppData\Local\Programs\Python\Python311\Lib\threading.py", line 1002, in _bootstrap
    self._bootstrap_inner()
    │    └ <function Thread._bootstrap_inner at 0x0000029451839760>
    └ <Thread(ScriptRunner.scriptThread, started 23200)>
  File "C:\Users\TIM\AppData\Local\Programs\Python\Python311\Lib\threading.py", line 1045, in _bootstrap_inner
    self.run()
    │    └ <function Thread.run at 0x0000029451839440>
    └ <Thread(ScriptRunner.scriptThread, started 23200)>
  File "C:\Users\TIM\AppData\Local\Programs\Python\Python311\Lib\threading.py", line 982, in run
    self._target(*self._args, **self._kwargs)
    │    │        │    │        │    └ {}
    │    │        │    │        └ <Thread(ScriptRunner.scriptThread, started 23200)>
    │    │        │    └ ()
    │    │        └ <Thread(ScriptRunner.scriptThread, started 23200)>
    │    └ <bound method ScriptRunner._run_script_thread of ScriptRunner(_session_id='eafbccce-4137-446c-81d4-e5633f5dacf9', _main_scrip...
    └ <Thread(ScriptRunner.scriptThread, started 23200)>
  File "C:\Users\TIM\Documents\Info\Simplon\BriefsSimplonOnline\Brief_2_Developper_une_Aplication_Web_d_Analyse_de_Sentiment_Basee_sur_une_API\FAST_API_INITIATION\.venv\Lib\site-packages\streamlit\runtime\scriptrunner\script_runner.py", line 378, in _run_script_thread
    self._run_script(request.rerun_data)
    │    │           │       └ <property object at 0x00000294545A9E90>
    │    │           └ ScriptRequest(type=<ScriptRequestType.RERUN: 'RERUN'>, _rerun_data=RerunData(widget_states=widgets {
    │    │               id: "$$ID-2e25424bd464...
    │    └ <function ScriptRunner._run_script at 0x0000029454695120>
    └ ScriptRunner(_session_id='eafbccce-4137-446c-81d4-e5633f5dacf9', _main_script_path='frontend\\app.py', _session_state={$$ID-8...
  File "C:\Users\TIM\Documents\Info\Simplon\BriefsSimplonOnline\Brief_2_Developper_une_Aplication_Web_d_Analyse_de_Sentiment_Basee_sur_une_API\FAST_API_INITIATION\.venv\Lib\site-packages\streamlit\runtime\scriptrunner\script_runner.py", line 687, in _run_script
    ) = exec_func_with_error_handling(code_to_exec, ctx)
        │                             │             └ ScriptRunContext(session_id='eafbccce-4137-446c-81d4-e5633f5dacf9', _enqueue=<bound method ScriptRunner._enqueue_forward_msg ...
        │                             └ <function ScriptRunner._run_script.<locals>.code_to_exec at 0x00000294717C7A60>
        └ <function exec_func_with_error_handling at 0x0000029454640CC0>
  File "C:\Users\TIM\Documents\Info\Simplon\BriefsSimplonOnline\Brief_2_Developper_une_Aplication_Web_d_Analyse_de_Sentiment_Basee_sur_une_API\FAST_API_INITIATION\.venv\Lib\site-packages\streamlit\runtime\scriptrunner\exec_code.py", line 129, in exec_func_with_error_handling
    result = func()
             └ <function ScriptRunner._run_script.<locals>.code_to_exec at 0x00000294717C7A60>
  File "C:\Users\TIM\Documents\Info\Simplon\BriefsSimplonOnline\Brief_2_Developper_une_Aplication_Web_d_Analyse_de_Sentiment_Basee_sur_une_API\FAST_API_INITIATION\.venv\Lib\site-packages\streamlit\runtime\scriptrunner\script_runner.py", line 669, in code_to_exec
    _mpa_v1(self._main_script_path)
    │       │    └ 'frontend\\app.py'
    │       └ ScriptRunner(_session_id='eafbccce-4137-446c-81d4-e5633f5dacf9', _main_script_path='frontend\\app.py', _session_state={$$ID-8...
    └ <function _mpa_v1 at 0x0000029454253740>
  File "C:\Users\TIM\Documents\Info\Simplon\BriefsSimplonOnline\Brief_2_Developper_une_Aplication_Web_d_Analyse_de_Sentiment_Basee_sur_une_API\FAST_API_INITIATION\.venv\Lib\site-packages\streamlit\runtime\scriptrunner\script_runner.py", line 165, in _mpa_v1
    page.run()
    │    └ <function StreamlitPage.run at 0x000002945485EF20>
    └ <streamlit.navigation.page.StreamlitPage object at 0x000002947173BB10>
  File "C:\Users\TIM\Documents\Info\Simplon\BriefsSimplonOnline\Brief_2_Developper_une_Aplication_Web_d_Analyse_de_Sentiment_Basee_sur_une_API\FAST_API_INITIATION\.venv\Lib\site-packages\streamlit\navigation\page.py", line 310, in run
    exec(code, module.__dict__)  # noqa: S102
         │     │      └ <member '__dict__' of 'module' objects>
         │     └ <module '__main__' from 'C:\\Users\\TIM\\Documents\\Info\\Simplon\\BriefsSimplonOnline\\Brief_2_Developper_une_Aplication_Web...
         └ <code object <module> at 0x0000029454B0AAC0, file "C:\Users\TIM\Documents\Info\Simplon\BriefsSimplonOnline\Brief_2_Developper...

> File "C:\Users\TIM\Documents\Info\Simplon\BriefsSimplonOnline\Brief_2_Developper_une_Aplication_Web_d_Analyse_de_Sentiment_Basee_sur_une_API\FAST_API_INITIATION\frontend\pages\2_Rechercher.py", line 110, in <module>
    analyse_resp = requests.post(
                   │        └ <function post at 0x0000029456EAE520>
                   └ <module 'requests' from 'C:\\Users\\TIM\\Documents\\Info\\Simplon\\BriefsSimplonOnline\\Brief_2_Developper_une_Aplication_Web...

  File "C:\Users\TIM\Documents\Info\Simplon\BriefsSimplonOnline\Brief_2_Developper_une_Aplication_Web_d_Analyse_de_Sentiment_Basee_sur_une_API\FAST_API_INITIATION\.venv\Lib\site-packages\requests\api.py", line 115, in post
    return request("post", url, data=data, json=json, **kwargs)
           │               │         │          │       └ {'timeout': 5}
           │               │         │          └ {'text': "Le mal c'est pas bien"}
           │               │         └ None
           │               └ 'http://127.0.0.1:8000/analyse_sentiment/'
           └ <function request at 0x0000029456FFCD60>
  File "C:\Users\TIM\Documents\Info\Simplon\BriefsSimplonOnline\Brief_2_Developper_une_Aplication_Web_d_Analyse_de_Sentiment_Basee_sur_une_API\FAST_API_INITIATION\.venv\Lib\site-packages\requests\api.py", line 59, in request
    return session.request(method=method, url=url, **kwargs)
           │       │              │           │      └ {'data': None, 'json': {'text': "Le mal c'est pas bien"}, 'timeout': 5}
           │       │              │           └ 'http://127.0.0.1:8000/analyse_sentiment/'
           │       │              └ 'post'
           │       └ <function Session.request at 0x0000029456EAD9E0>
           └ <requests.sessions.Session object at 0x00000294717B8550>
  File "C:\Users\TIM\Documents\Info\Simplon\BriefsSimplonOnline\Brief_2_Developper_une_Aplication_Web_d_Analyse_de_Sentiment_Basee_sur_une_API\FAST_API_INITIATION\.venv\Lib\site-packages\requests\sessions.py", line 589, in request
    resp = self.send(prep, **send_kwargs)
           │    │    │       └ {'timeout': 5, 'allow_redirects': True, 'proxies': OrderedDict(), 'stream': False, 'verify': True, 'cert': None}
           │    │    └ <PreparedRequest [POST]>
           │    └ <function Session.send at 0x0000029456EADEE0>
           └ <requests.sessions.Session object at 0x00000294717B8550>
  File "C:\Users\TIM\Documents\Info\Simplon\BriefsSimplonOnline\Brief_2_Developper_une_Aplication_Web_d_Analyse_de_Sentiment_Basee_sur_une_API\FAST_API_INITIATION\.venv\Lib\site-packages\requests\sessions.py", line 703, in send
    r = adapter.send(request, **kwargs)
        │       │    │          └ {'timeout': 5, 'proxies': OrderedDict(), 'stream': False, 'verify': True, 'cert': None}
        │       │    └ <PreparedRequest [POST]>
        │       └ <function HTTPAdapter.send at 0x0000029456EAD260>
        └ <requests.adapters.HTTPAdapter object at 0x00000294717CAE90>
  File "C:\Users\TIM\Documents\Info\Simplon\BriefsSimplonOnline\Brief_2_Developper_une_Aplication_Web_d_Analyse_de_Sentiment_Basee_sur_une_API\FAST_API_INITIATION\.venv\Lib\site-packages\requests\adapters.py", line 677, in send
    raise ConnectionError(e, request=request)
          │                          └ <PreparedRequest [POST]>
          └ <class 'requests.exceptions.ConnectionError'>

requests.exceptions.ConnectionError: HTTPConnectionPool(host='127.0.0.1', port=8000): Max retries exceeded with url: /analyse_sentiment/ (Caused by NewConnectionError("HTTPConnection(host='127.0.0.1', port=8000): Failed to establish a new connection: [WinError 10061] Aucune connexion n’a pu être établie car l’ordinateur cible l’a expressément refusée"))
2025-12-10 20:03:45.119 | ERROR    | __main__:<module>:126 - Erreur de connexion à l'API IA
Traceback (most recent call last):

  File "C:\Users\TIM\Documents\Info\Simplon\BriefsSimplonOnline\Brief_2_Developper_une_Aplication_Web_d_Analyse_de_Sentiment_Basee_sur_une_API\FAST_API_INITIATION\.venv\Lib\site-packages\urllib3\connection.py", line 204, in _new_conn
    sock = connection.create_connection(
           │          └ <function create_connection at 0x0000029456A03600>
           └ <module 'urllib3.util.connection' from 'C:\\Users\\TIM\\Documents\\Info\\Simplon\\BriefsSimplonOnline\\Brief_2_Developper_une...
  File "C:\Users\TIM\Documents\Info\Simplon\BriefsSimplonOnline\Brief_2_Developper_une_Aplication_Web_d_Analyse_de_Sentiment_Basee_sur_une_API\FAST_API_INITIATION\.venv\Lib\site-packages\urllib3\util\connection.py", line 85, in create_connection
    raise err
          └ None
  File "C:\Users\TIM\Documents\Info\Simplon\BriefsSimplonOnline\Brief_2_Developper_une_Aplication_Web_d_Analyse_de_Sentiment_Basee_sur_une_API\FAST_API_INITIATION\.venv\Lib\site-packages\urllib3\util\connection.py", line 73, in create_connection
    sock.connect(sa)
    │    │       └ ('127.0.0.1', 8000)
    │    └ <method 'connect' of '_socket.socket' objects>
    └ <socket.socket [closed] fd=-1, family=2, type=1, proto=0>

ConnectionRefusedError: [WinError 10061] Aucune connexion n’a pu être établie car l’ordinateur cible l’a expressément refusée


The above exception was the direct cause of the following exception:


Traceback (most recent call last):

  File "C:\Users\TIM\Documents\Info\Simplon\BriefsSimplonOnline\Brief_2_Developper_une_Aplication_Web_d_Analyse_de_Sentiment_Basee_sur_une_API\FAST_API_INITIATION\.venv\Lib\site-packages\urllib3\connectionpool.py", line 787, in urlopen
    response = self._make_request(
               │    └ <function HTTPConnectionPool._make_request at 0x0000029456CE65C0>
               └ <urllib3.connectionpool.HTTPConnectionPool object at 0x0000029471820A90>
  File "C:\Users\TIM\Documents\Info\Simplon\BriefsSimplonOnline\Brief_2_Developper_une_Aplication_Web_d_Analyse_de_Sentiment_Basee_sur_une_API\FAST_API_INITIATION\.venv\Lib\site-packages\urllib3\connectionpool.py", line 493, in _make_request
    conn.request(
    │    └ <function HTTPConnection.request at 0x0000029456CCE340>
    └ <HTTPConnection(host='127.0.0.1', port=8000) at 0x29471820fd0>
  File "C:\Users\TIM\Documents\Info\Simplon\BriefsSimplonOnline\Brief_2_Developper_une_Aplication_Web_d_Analyse_de_Sentiment_Basee_sur_une_API\FAST_API_INITIATION\.venv\Lib\site-packages\urllib3\connection.py", line 500, in request
    self.endheaders()
    │    └ <function HTTPConnection.endheaders at 0x0000029453963380>
    └ <HTTPConnection(host='127.0.0.1', port=8000) at 0x29471820fd0>
  File "C:\Users\TIM\AppData\Local\Programs\Python\Python311\Lib\http\client.py", line 1298, in endheaders
    self._send_output(message_body, encode_chunked=encode_chunked)
    │    │            │                            └ False
    │    │            └ None
    │    └ <function HTTPConnection._send_output at 0x0000029453962F20>
    └ <HTTPConnection(host='127.0.0.1', port=8000) at 0x29471820fd0>
  File "C:\Users\TIM\AppData\Local\Programs\Python\Python311\Lib\http\client.py", line 1058, in _send_output
    self.send(msg)
    │    │    └ b'POST /analyse_sentiment/ HTTP/1.1\r\nHost: 127.0.0.1:8000\r\nUser-Agent: python-requests/2.32.5\r\nAccept-Encoding: gzip, d...
    │    └ <function HTTPConnection.send at 0x0000029453962D40>
    └ <HTTPConnection(host='127.0.0.1', port=8000) at 0x29471820fd0>
  File "C:\Users\TIM\AppData\Local\Programs\Python\Python311\Lib\http\client.py", line 996, in send
    self.connect()
    │    └ <function HTTPConnection.connect at 0x0000029456CCDDA0>
    └ <HTTPConnection(host='127.0.0.1', port=8000) at 0x29471820fd0>
  File "C:\Users\TIM\Documents\Info\Simplon\BriefsSimplonOnline\Brief_2_Developper_une_Aplication_Web_d_Analyse_de_Sentiment_Basee_sur_une_API\FAST_API_INITIATION\.venv\Lib\site-packages\urllib3\connection.py", line 331, in connect
    self.sock = self._new_conn()
    │    │      │    └ <function HTTPConnection._new_conn at 0x0000029456CCDC60>
    │    │      └ <HTTPConnection(host='127.0.0.1', port=8000) at 0x29471820fd0>
    │    └ None
    └ <HTTPConnection(host='127.0.0.1', port=8000) at 0x29471820fd0>
  File "C:\Users\TIM\Documents\Info\Simplon\BriefsSimplonOnline\Brief_2_Developper_une_Aplication_Web_d_Analyse_de_Sentiment_Basee_sur_une_API\FAST_API_INITIATION\.venv\Lib\site-packages\urllib3\connection.py", line 219, in _new_conn
    raise NewConnectionError(
          └ <class 'urllib3.exceptions.NewConnectionError'>

urllib3.exceptions.NewConnectionError: HTTPConnection(host='127.0.0.1', port=8000): Failed to establish a new connection: [WinError 10061] Aucune connexion n’a pu être établie car l’ordinateur cible l’a expressément refusée


The above exception was the direct cause of the following exception:


Traceback (most recent call last):

  File "C:\Users\TIM\Documents\Info\Simplon\BriefsSimplonOnline\Brief_2_Developper_une_Aplication_Web_d_Analyse_de_Sentiment_Basee_sur_une_API\FAST_API_INITIATION\.venv\Lib\site-packages\requests\adapters.py", line 644, in send
    resp = conn.urlopen(
           │    └ <function HTTPConnectionPool.urlopen at 0x0000029456CE67A0>
           └ <urllib3.connectionpool.HTTPConnectionPool object at 0x0000029471820A90>
  File "C:\Users\TIM\Documents\Info\Simplon\BriefsSimplonOnline\Brief_2_Developper_une_Aplication_Web_d_Analyse_de_Sentiment_Basee_sur_une_API\FAST_API_INITIATION\.venv\Lib\site-packages\urllib3\connectionpool.py", line 841, in urlopen
    retries = retries.increment(
              │       └ <function Retry.increment at 0x0000029456CF1B20>
              └ Retry(total=0, connect=None, read=False, redirect=None, status=None)
  File "C:\Users\TIM\Documents\Info\Simplon\BriefsSimplonOnline\Brief_2_Developper_une_Aplication_Web_d_Analyse_de_Sentiment_Basee_sur_une_API\FAST_API_INITIATION\.venv\Lib\site-packages\urllib3\util\retry.py", line 519, in increment
    raise MaxRetryError(_pool, url, reason) from reason  # type: ignore[arg-type]
          │             │      │    │            └ NewConnectionError("HTTPConnection(host='127.0.0.1', port=8000): Failed to establish a new connection: [WinError 10061] Aucun...
          │             │      │    └ NewConnectionError("HTTPConnection(host='127.0.0.1', port=8000): Failed to establish a new connection: [WinError 10061] Aucun...
          │             │      └ '/analyse_sentiment/'
          │             └ <urllib3.connectionpool.HTTPConnectionPool object at 0x0000029471820A90>
          └ <class 'urllib3.exceptions.MaxRetryError'>

urllib3.exceptions.MaxRetryError: HTTPConnectionPool(host='127.0.0.1', port=8000): Max retries exceeded with url: /analyse_sentiment/ (Caused by NewConnectionError("HTTPConnection(host='127.0.0.1', port=8000): Failed to establish a new connection: [WinError 10061] Aucune connexion n’a pu être établie car l’ordinateur cible l’a expressément refusée"))


During handling of the above exception, another exception occurred:


Traceback (most recent call last):

  File "C:\Users\TIM\AppData\Local\Programs\Python\Python311\Lib\threading.py", line 1002, in _bootstrap
    self._bootstrap_inner()
    │    └ <function Thread._bootstrap_inner at 0x0000029451839760>
    └ <Thread(ScriptRunner.scriptThread, started 23200)>
  File "C:\Users\TIM\AppData\Local\Programs\Python\Python311\Lib\threading.py", line 1045, in _bootstrap_inner
    self.run()
    │    └ <function Thread.run at 0x0000029451839440>
    └ <Thread(ScriptRunner.scriptThread, started 23200)>
  File "C:\Users\TIM\AppData\Local\Programs\Python\Python311\Lib\threading.py", line 982, in run
    self._target(*self._args, **self._kwargs)
    │    │        │    │        │    └ {}
    │    │        │    │        └ <Thread(ScriptRunner.scriptThread, started 23200)>
    │    │        │    └ ()
    │    │        └ <Thread(ScriptRunner.scriptThread, started 23200)>
    │    └ <bound method ScriptRunner._run_script_thread of ScriptRunner(_session_id='eafbccce-4137-446c-81d4-e5633f5dacf9', _main_scrip...
    └ <Thread(ScriptRunner.scriptThread, started 23200)>
  File "C:\Users\TIM\Documents\Info\Simplon\BriefsSimplonOnline\Brief_2_Developper_une_Aplication_Web_d_Analyse_de_Sentiment_Basee_sur_une_API\FAST_API_INITIATION\.venv\Lib\site-packages\streamlit\runtime\scriptrunner\script_runner.py", line 378, in _run_script_thread
    self._run_script(request.rerun_data)
    │    │           │       └ <property object at 0x00000294545A9E90>
    │    │           └ ScriptRequest(type=<ScriptRequestType.RERUN: 'RERUN'>, _rerun_data=RerunData(widget_states=widgets {
    │    │               id: "$$ID-2e25424bd464...
    │    └ <function ScriptRunner._run_script at 0x0000029454695120>
    └ ScriptRunner(_session_id='eafbccce-4137-446c-81d4-e5633f5dacf9', _main_script_path='frontend\\app.py', _session_state={$$ID-8...
  File "C:\Users\TIM\Documents\Info\Simplon\BriefsSimplonOnline\Brief_2_Developper_une_Aplication_Web_d_Analyse_de_Sentiment_Basee_sur_une_API\FAST_API_INITIATION\.venv\Lib\site-packages\streamlit\runtime\scriptrunner\script_runner.py", line 687, in _run_script
    ) = exec_func_with_error_handling(code_to_exec, ctx)
        │                             │             └ ScriptRunContext(session_id='eafbccce-4137-446c-81d4-e5633f5dacf9', _enqueue=<bound method ScriptRunner._enqueue_forward_msg ...
        │                             └ <function ScriptRunner._run_script.<locals>.code_to_exec at 0x00000294717C7A60>
        └ <function exec_func_with_error_handling at 0x0000029454640CC0>
  File "C:\Users\TIM\Documents\Info\Simplon\BriefsSimplonOnline\Brief_2_Developper_une_Aplication_Web_d_Analyse_de_Sentiment_Basee_sur_une_API\FAST_API_INITIATION\.venv\Lib\site-packages\streamlit\runtime\scriptrunner\exec_code.py", line 129, in exec_func_with_error_handling
    result = func()
             └ <function ScriptRunner._run_script.<locals>.code_to_exec at 0x00000294717C7A60>
  File "C:\Users\TIM\Documents\Info\Simplon\BriefsSimplonOnline\Brief_2_Developper_une_Aplication_Web_d_Analyse_de_Sentiment_Basee_sur_une_API\FAST_API_INITIATION\.venv\Lib\site-packages\streamlit\runtime\scriptrunner\script_runner.py", line 669, in code_to_exec
    _mpa_v1(self._main_script_path)
    │       │    └ 'frontend\\app.py'
    │       └ ScriptRunner(_session_id='eafbccce-4137-446c-81d4-e5633f5dacf9', _main_script_path='frontend\\app.py', _session_state={$$ID-8...
    └ <function _mpa_v1 at 0x0000029454253740>
  File "C:\Users\TIM\Documents\Info\Simplon\BriefsSimplonOnline\Brief_2_Developper_une_Aplication_Web_d_Analyse_de_Sentiment_Basee_sur_une_API\FAST_API_INITIATION\.venv\Lib\site-packages\streamlit\runtime\scriptrunner\script_runner.py", line 165, in _mpa_v1
    page.run()
    │    └ <function StreamlitPage.run at 0x000002945485EF20>
    └ <streamlit.navigation.page.StreamlitPage object at 0x000002947173BB10>
  File "C:\Users\TIM\Documents\Info\Simplon\BriefsSimplonOnline\Brief_2_Developper_une_Aplication_Web_d_Analyse_de_Sentiment_Basee_sur_une_API\FAST_API_INITIATION\.venv\Lib\site-packages\streamlit\navigation\page.py", line 310, in run
    exec(code, module.__dict__)  # noqa: S102
         │     │      └ <member '__dict__' of 'module' objects>
         │     └ <module '__main__' from 'C:\\Users\\TIM\\Documents\\Info\\Simplon\\BriefsSimplonOnline\\Brief_2_Developper_une_Aplication_Web...
         └ <code object <module> at 0x0000029454B0AAC0, file "C:\Users\TIM\Documents\Info\Simplon\BriefsSimplonOnline\Brief_2_Developper...

> File "C:\Users\TIM\Documents\Info\Simplon\BriefsSimplonOnline\Brief_2_Developper_une_Aplication_Web_d_Analyse_de_Sentiment_Basee_sur_une_API\FAST_API_INITIATION\frontend\pages\2_Rechercher.py", line 110, in <module>
    analyse_resp = requests.post(
                   │        └ <function post at 0x0000029456EAE520>
                   └ <module 'requests' from 'C:\\Users\\TIM\\Documents\\Info\\Simplon\\BriefsSimplonOnline\\Brief_2_Developper_une_Aplication_Web...

  File "C:\Users\TIM\Documents\Info\Simplon\BriefsSimplonOnline\Brief_2_Developper_une_Aplication_Web_d_Analyse_de_Sentiment_Basee_sur_une_API\FAST_API_INITIATION\.venv\Lib\site-packages\requests\api.py", line 115, in post
    return request("post", url, data=data, json=json, **kwargs)
           │               │         │          │       └ {'timeout': 5}
           │               │         │          └ {'text': "Le mal c'est pas bien"}
           │               │         └ None
           │               └ 'http://127.0.0.1:8000/analyse_sentiment/'
           └ <function request at 0x0000029456FFCD60>
  File "C:\Users\TIM\Documents\Info\Simplon\BriefsSimplonOnline\Brief_2_Developper_une_Aplication_Web_d_Analyse_de_Sentiment_Basee_sur_une_API\FAST_API_INITIATION\.venv\Lib\site-packages\requests\api.py", line 59, in request
    return session.request(method=method, url=url, **kwargs)
           │       │              │           │      └ {'data': None, 'json': {'text': "Le mal c'est pas bien"}, 'timeout': 5}
           │       │              │           └ 'http://127.0.0.1:8000/analyse_sentiment/'
           │       │              └ 'post'
           │       └ <function Session.request at 0x0000029456EAD9E0>
           └ <requests.sessions.Session object at 0x00000294717B8550>
  File "C:\Users\TIM\Documents\Info\Simplon\BriefsSimplonOnline\Brief_2_Developper_une_Aplication_Web_d_Analyse_de_Sentiment_Basee_sur_une_API\FAST_API_INITIATION\.venv\Lib\site-packages\requests\sessions.py", line 589, in request
    resp = self.send(prep, **send_kwargs)
           │    │    │       └ {'timeout': 5, 'allow_redirects': True, 'proxies': OrderedDict(), 'stream': False, 'verify': True, 'cert': None}
           │    │    └ <PreparedRequest [POST]>
           │    └ <function Session.send at 0x0000029456EADEE0>
           └ <requests.sessions.Session object at 0x00000294717B8550>
  File "C:\Users\TIM\Documents\Info\Simplon\BriefsSimplonOnline\Brief_2_Developper_une_Aplication_Web_d_Analyse_de_Sentiment_Basee_sur_une_API\FAST_API_INITIATION\.venv\Lib\site-packages\requests\sessions.py", line 703, in send
    r = adapter.send(request, **kwargs)
        │       │    │          └ {'timeout': 5, 'proxies': OrderedDict(), 'stream': False, 'verify': True, 'cert': None}
        │       │    └ <PreparedRequest [POST]>
        │       └ <function HTTPAdapter.send at 0x0000029456EAD260>
        └ <requests.adapters.HTTPAdapter object at 0x00000294717CAE90>
  File "C:\Users\TIM\Documents\Info\Simplon\BriefsSimplonOnline\Brief_2_Developper_une_Aplication_Web_d_Analyse_de_Sentiment_Basee_sur_une_API\FAST_API_INITIATION\.venv\Lib\site-packages\requests\adapters.py", line 677, in send
    raise ConnectionError(e, request=request)
          │                          └ <PreparedRequest [POST]>
          └ <class 'requests.exceptions.ConnectionError'>

requests.exceptions.ConnectionError: HTTPConnectionPool(host='127.0.0.1', port=8000): Max retries exceeded with url: /analyse_sentiment/ (Caused by NewConnectionError("HTTPConnection(host='127.0.0.1', port=8000): Failed to establish a new connection: [WinError 10061] Aucune connexion n’a pu être établie car l’ordinateur cible l’a expressément refusée"))
2025-12-10 20:03:45.119 | ERROR    | __main__:<module>:126 - Erreur de connexion à l'API IA
Traceback (most recent call last):

  File "C:\Users\TIM\Documents\Info\Simplon\BriefsSimplonOnline\Brief_2_Developper_une_Aplication_Web_d_Analyse_de_Sentiment_Basee_sur_une_API\FAST_API_INITIATION\.venv\Lib\site-packages\urllib3\connection.py", line 204, in _new_conn
    sock = connection.create_connection(
           │          └ <function create_connection at 0x0000029456A03600>
           └ <module 'urllib3.util.connection' from 'C:\\Users\\TIM\\Documents\\Info\\Simplon\\BriefsSimplonOnline\\Brief_2_Developper_une...
  File "C:\Users\TIM\Documents\Info\Simplon\BriefsSimplonOnline\Brief_2_Developper_une_Aplication_Web_d_Analyse_de_Sentiment_Basee_sur_une_API\FAST_API_INITIATION\.venv\Lib\site-packages\urllib3\util\connection.py", line 85, in create_connection
    raise err
          └ None
  File "C:\Users\TIM\Documents\Info\Simplon\BriefsSimplonOnline\Brief_2_Developper_une_Aplication_Web_d_Analyse_de_Sentiment_Basee_sur_une_API\FAST_API_INITIATION\.venv\Lib\site-packages\urllib3\util\connection.py", line 73, in create_connection
    sock.connect(sa)
    │    │       └ ('127.0.0.1', 8000)
    │    └ <method 'connect' of '_socket.socket' objects>
    └ <socket.socket [closed] fd=-1, family=2, type=1, proto=0>

ConnectionRefusedError: [WinError 10061] Aucune connexion n’a pu être établie car l’ordinateur cible l’a expressément refusée


The above exception was the direct cause of the following exception:


Traceback (most recent call last):

  File "C:\Users\TIM\Documents\Info\Simplon\BriefsSimplonOnline\Brief_2_Developper_une_Aplication_Web_d_Analyse_de_Sentiment_Basee_sur_une_API\FAST_API_INITIATION\.venv\Lib\site-packages\urllib3\connectionpool.py", line 787, in urlopen
    response = self._make_request(
               │    └ <function HTTPConnectionPool._make_request at 0x0000029456CE65C0>
               └ <urllib3.connectionpool.HTTPConnectionPool object at 0x0000029471820A90>
  File "C:\Users\TIM\Documents\Info\Simplon\BriefsSimplonOnline\Brief_2_Developper_une_Aplication_Web_d_Analyse_de_Sentiment_Basee_sur_une_API\FAST_API_INITIATION\.venv\Lib\site-packages\urllib3\connectionpool.py", line 493, in _make_request
    conn.request(
    │    └ <function HTTPConnection.request at 0x0000029456CCE340>
    └ <HTTPConnection(host='127.0.0.1', port=8000) at 0x29471820fd0>
  File "C:\Users\TIM\Documents\Info\Simplon\BriefsSimplonOnline\Brief_2_Developper_une_Aplication_Web_d_Analyse_de_Sentiment_Basee_sur_une_API\FAST_API_INITIATION\.venv\Lib\site-packages\urllib3\connection.py", line 500, in request
    self.endheaders()
    │    └ <function HTTPConnection.endheaders at 0x0000029453963380>
    └ <HTTPConnection(host='127.0.0.1', port=8000) at 0x29471820fd0>
  File "C:\Users\TIM\AppData\Local\Programs\Python\Python311\Lib\http\client.py", line 1298, in endheaders
    self._send_output(message_body, encode_chunked=encode_chunked)
    │    │            │                            └ False
    │    │            └ None
    │    └ <function HTTPConnection._send_output at 0x0000029453962F20>
    └ <HTTPConnection(host='127.0.0.1', port=8000) at 0x29471820fd0>
  File "C:\Users\TIM\AppData\Local\Programs\Python\Python311\Lib\http\client.py", line 1058, in _send_output
    self.send(msg)
    │    │    └ b'POST /analyse_sentiment/ HTTP/1.1\r\nHost: 127.0.0.1:8000\r\nUser-Agent: python-requests/2.32.5\r\nAccept-Encoding: gzip, d...
    │    └ <function HTTPConnection.send at 0x0000029453962D40>
    └ <HTTPConnection(host='127.0.0.1', port=8000) at 0x29471820fd0>
  File "C:\Users\TIM\AppData\Local\Programs\Python\Python311\Lib\http\client.py", line 996, in send
    self.connect()
    │    └ <function HTTPConnection.connect at 0x0000029456CCDDA0>
    └ <HTTPConnection(host='127.0.0.1', port=8000) at 0x29471820fd0>
  File "C:\Users\TIM\Documents\Info\Simplon\BriefsSimplonOnline\Brief_2_Developper_une_Aplication_Web_d_Analyse_de_Sentiment_Basee_sur_une_API\FAST_API_INITIATION\.venv\Lib\site-packages\urllib3\connection.py", line 331, in connect
    self.sock = self._new_conn()
    │    │      │    └ <function HTTPConnection._new_conn at 0x0000029456CCDC60>
    │    │      └ <HTTPConnection(host='127.0.0.1', port=8000) at 0x29471820fd0>
    │    └ None
    └ <HTTPConnection(host='127.0.0.1', port=8000) at 0x29471820fd0>
  File "C:\Users\TIM\Documents\Info\Simplon\BriefsSimplonOnline\Brief_2_Developper_une_Aplication_Web_d_Analyse_de_Sentiment_Basee_sur_une_API\FAST_API_INITIATION\.venv\Lib\site-packages\urllib3\connection.py", line 219, in _new_conn
    raise NewConnectionError(
          └ <class 'urllib3.exceptions.NewConnectionError'>

urllib3.exceptions.NewConnectionError: HTTPConnection(host='127.0.0.1', port=8000): Failed to establish a new connection: [WinError 10061] Aucune connexion n’a pu être établie car l’ordinateur cible l’a expressément refusée


The above exception was the direct cause of the following exception:


Traceback (most recent call last):

  File "C:\Users\TIM\Documents\Info\Simplon\BriefsSimplonOnline\Brief_2_Developper_une_Aplication_Web_d_Analyse_de_Sentiment_Basee_sur_une_API\FAST_API_INITIATION\.venv\Lib\site-packages\requests\adapters.py", line 644, in send
    resp = conn.urlopen(
           │    └ <function HTTPConnectionPool.urlopen at 0x0000029456CE67A0>
           └ <urllib3.connectionpool.HTTPConnectionPool object at 0x0000029471820A90>
  File "C:\Users\TIM\Documents\Info\Simplon\BriefsSimplonOnline\Brief_2_Developper_une_Aplication_Web_d_Analyse_de_Sentiment_Basee_sur_une_API\FAST_API_INITIATION\.venv\Lib\site-packages\urllib3\connectionpool.py", line 841, in urlopen
    retries = retries.increment(
              │       └ <function Retry.increment at 0x0000029456CF1B20>
              └ Retry(total=0, connect=None, read=False, redirect=None, status=None)
  File "C:\Users\TIM\Documents\Info\Simplon\BriefsSimplonOnline\Brief_2_Developper_une_Aplication_Web_d_Analyse_de_Sentiment_Basee_sur_une_API\FAST_API_INITIATION\.venv\Lib\site-packages\urllib3\util\retry.py", line 519, in increment
    raise MaxRetryError(_pool, url, reason) from reason  # type: ignore[arg-type]
          │             │      │    │            └ NewConnectionError("HTTPConnection(host='127.0.0.1', port=8000): Failed to establish a new connection: [WinError 10061] Aucun...
          │             │      │    └ NewConnectionError("HTTPConnection(host='127.0.0.1', port=8000): Failed to establish a new connection: [WinError 10061] Aucun...
          │             │      └ '/analyse_sentiment/'
          │             └ <urllib3.connectionpool.HTTPConnectionPool object at 0x0000029471820A90>
          └ <class 'urllib3.exceptions.MaxRetryError'>

urllib3.exceptions.MaxRetryError: HTTPConnectionPool(host='127.0.0.1', port=8000): Max retries exceeded with url: /analyse_sentiment/ (Caused by NewConnectionError("HTTPConnection(host='127.0.0.1', port=8000): Failed to establish a new connection: [WinError 10061] Aucune connexion n’a pu être établie car l’ordinateur cible l’a expressément refusée"))


During handling of the above exception, another exception occurred:


Traceback (most recent call last):

  File "C:\Users\TIM\AppData\Local\Programs\Python\Python311\Lib\threading.py", line 1002, in _bootstrap
    self._bootstrap_inner()
    │    └ <function Thread._bootstrap_inner at 0x0000029451839760>
    └ <Thread(ScriptRunner.scriptThread, started 23200)>
  File "C:\Users\TIM\AppData\Local\Programs\Python\Python311\Lib\threading.py", line 1045, in _bootstrap_inner
    self.run()
    │    └ <function Thread.run at 0x0000029451839440>
    └ <Thread(ScriptRunner.scriptThread, started 23200)>
  File "C:\Users\TIM\AppData\Local\Programs\Python\Python311\Lib\threading.py", line 982, in run
    self._target(*self._args, **self._kwargs)
    │    │        │    │        │    └ {}
    │    │        │    │        └ <Thread(ScriptRunner.scriptThread, started 23200)>
    │    │        │    └ ()
    │    │        └ <Thread(ScriptRunner.scriptThread, started 23200)>
    │    └ <bound method ScriptRunner._run_script_thread of ScriptRunner(_session_id='eafbccce-4137-446c-81d4-e5633f5dacf9', _main_scrip...
    └ <Thread(ScriptRunner.scriptThread, started 23200)>
  File "C:\Users\TIM\Documents\Info\Simplon\BriefsSimplonOnline\Brief_2_Developper_une_Aplication_Web_d_Analyse_de_Sentiment_Basee_sur_une_API\FAST_API_INITIATION\.venv\Lib\site-packages\streamlit\runtime\scriptrunner\script_runner.py", line 378, in _run_script_thread
    self._run_script(request.rerun_data)
    │    │           │       └ <property object at 0x00000294545A9E90>
    │    │           └ ScriptRequest(type=<ScriptRequestType.RERUN: 'RERUN'>, _rerun_data=RerunData(widget_states=widgets {
    │    │               id: "$$ID-2e25424bd464...
    │    └ <function ScriptRunner._run_script at 0x0000029454695120>
    └ ScriptRunner(_session_id='eafbccce-4137-446c-81d4-e5633f5dacf9', _main_script_path='frontend\\app.py', _session_state={$$ID-8...
  File "C:\Users\TIM\Documents\Info\Simplon\BriefsSimplonOnline\Brief_2_Developper_une_Aplication_Web_d_Analyse_de_Sentiment_Basee_sur_une_API\FAST_API_INITIATION\.venv\Lib\site-packages\streamlit\runtime\scriptrunner\script_runner.py", line 687, in _run_script
    ) = exec_func_with_error_handling(code_to_exec, ctx)
        │                             │             └ ScriptRunContext(session_id='eafbccce-4137-446c-81d4-e5633f5dacf9', _enqueue=<bound method ScriptRunner._enqueue_forward_msg ...
        │                             └ <function ScriptRunner._run_script.<locals>.code_to_exec at 0x00000294717C7A60>
        └ <function exec_func_with_error_handling at 0x0000029454640CC0>
  File "C:\Users\TIM\Documents\Info\Simplon\BriefsSimplonOnline\Brief_2_Developper_une_Aplication_Web_d_Analyse_de_Sentiment_Basee_sur_une_API\FAST_API_INITIATION\.venv\Lib\site-packages\streamlit\runtime\scriptrunner\exec_code.py", line 129, in exec_func_with_error_handling
    result = func()
             └ <function ScriptRunner._run_script.<locals>.code_to_exec at 0x00000294717C7A60>
  File "C:\Users\TIM\Documents\Info\Simplon\BriefsSimplonOnline\Brief_2_Developper_une_Aplication_Web_d_Analyse_de_Sentiment_Basee_sur_une_API\FAST_API_INITIATION\.venv\Lib\site-packages\streamlit\runtime\scriptrunner\script_runner.py", line 669, in code_to_exec
    _mpa_v1(self._main_script_path)
    │       │    └ 'frontend\\app.py'
    │       └ ScriptRunner(_session_id='eafbccce-4137-446c-81d4-e5633f5dacf9', _main_script_path='frontend\\app.py', _session_state={$$ID-8...
    └ <function _mpa_v1 at 0x0000029454253740>
  File "C:\Users\TIM\Documents\Info\Simplon\BriefsSimplonOnline\Brief_2_Developper_une_Aplication_Web_d_Analyse_de_Sentiment_Basee_sur_une_API\FAST_API_INITIATION\.venv\Lib\site-packages\streamlit\runtime\scriptrunner\script_runner.py", line 165, in _mpa_v1
    page.run()
    │    └ <function StreamlitPage.run at 0x000002945485EF20>
    └ <streamlit.navigation.page.StreamlitPage object at 0x000002947173BB10>
  File "C:\Users\TIM\Documents\Info\Simplon\BriefsSimplonOnline\Brief_2_Developper_une_Aplication_Web_d_Analyse_de_Sentiment_Basee_sur_une_API\FAST_API_INITIATION\.venv\Lib\site-packages\streamlit\navigation\page.py", line 310, in run
    exec(code, module.__dict__)  # noqa: S102
         │     │      └ <member '__dict__' of 'module' objects>
         │     └ <module '__main__' from 'C:\\Users\\TIM\\Documents\\Info\\Simplon\\BriefsSimplonOnline\\Brief_2_Developper_une_Aplication_Web...
         └ <code object <module> at 0x0000029454B0AAC0, file "C:\Users\TIM\Documents\Info\Simplon\BriefsSimplonOnline\Brief_2_Developper...

> File "C:\Users\TIM\Documents\Info\Simplon\BriefsSimplonOnline\Brief_2_Developper_une_Aplication_Web_d_Analyse_de_Sentiment_Basee_sur_une_API\FAST_API_INITIATION\frontend\pages\2_Rechercher.py", line 110, in <module>
    analyse_resp = requests.post(
                   │        └ <function post at 0x0000029456EAE520>
                   └ <module 'requests' from 'C:\\Users\\TIM\\Documents\\Info\\Simplon\\BriefsSimplonOnline\\Brief_2_Developper_une_Aplication_Web...

  File "C:\Users\TIM\Documents\Info\Simplon\BriefsSimplonOnline\Brief_2_Developper_une_Aplication_Web_d_Analyse_de_Sentiment_Basee_sur_une_API\FAST_API_INITIATION\.venv\Lib\site-packages\requests\api.py", line 115, in post
    return request("post", url, data=data, json=json, **kwargs)
           │               │         │          │       └ {'timeout': 5}
           │               │         │          └ {'text': "Le mal c'est pas bien"}
           │               │         └ None
           │               └ 'http://127.0.0.1:8000/analyse_sentiment/'
           └ <function request at 0x0000029456FFCD60>
  File "C:\Users\TIM\Documents\Info\Simplon\BriefsSimplonOnline\Brief_2_Developper_une_Aplication_Web_d_Analyse_de_Sentiment_Basee_sur_une_API\FAST_API_INITIATION\.venv\Lib\site-packages\requests\api.py", line 59, in request
    return session.request(method=method, url=url, **kwargs)
           │       │              │           │      └ {'data': None, 'json': {'text': "Le mal c'est pas bien"}, 'timeout': 5}
           │       │              │           └ 'http://127.0.0.1:8000/analyse_sentiment/'
           │       │              └ 'post'
           │       └ <function Session.request at 0x0000029456EAD9E0>
           └ <requests.sessions.Session object at 0x00000294717B8550>
  File "C:\Users\TIM\Documents\Info\Simplon\BriefsSimplonOnline\Brief_2_Developper_une_Aplication_Web_d_Analyse_de_Sentiment_Basee_sur_une_API\FAST_API_INITIATION\.venv\Lib\site-packages\requests\sessions.py", line 589, in request
    resp = self.send(prep, **send_kwargs)
           │    │    │       └ {'timeout': 5, 'allow_redirects': True, 'proxies': OrderedDict(), 'stream': False, 'verify': True, 'cert': None}
           │    │    └ <PreparedRequest [POST]>
           │    └ <function Session.send at 0x0000029456EADEE0>
           └ <requests.sessions.Session object at 0x00000294717B8550>
  File "C:\Users\TIM\Documents\Info\Simplon\BriefsSimplonOnline\Brief_2_Developper_une_Aplication_Web_d_Analyse_de_Sentiment_Basee_sur_une_API\FAST_API_INITIATION\.venv\Lib\site-packages\requests\sessions.py", line 703, in send
    r = adapter.send(request, **kwargs)
        │       │    │          └ {'timeout': 5, 'proxies': OrderedDict(), 'stream': False, 'verify': True, 'cert': None}
        │       │    └ <PreparedRequest [POST]>
        │       └ <function HTTPAdapter.send at 0x0000029456EAD260>
        └ <requests.adapters.HTTPAdapter object at 0x00000294717CAE90>
  File "C:\Users\TIM\Documents\Info\Simplon\BriefsSimplonOnline\Brief_2_Developper_une_Aplication_Web_d_Analyse_de_Sentiment_Basee_sur_une_API\FAST_API_INITIATION\.venv\Lib\site-packages\requests\adapters.py", line 677, in send
    raise ConnectionError(e, request=request)
          │                          └ <PreparedRequest [POST]>
          └ <class 'requests.exceptions.ConnectionError'>

requests.exceptions.ConnectionError: HTTPConnectionPool(host='127.0.0.1', port=8000): Max retries exceeded with url: /analyse_sentiment/ (Caused by NewConnectionError("HTTPConnection(host='127.0.0.1', port=8000): Failed to establish a new connection: [WinError 10061] Aucune connexion n’a pu être établie car l’ordinateur cible l’a expressément refusée"))
2025-12-10 20:10:00.463 | INFO     | __main__:<module>:34 - Demande de citation aléatoire à http://127.0.0.1:9000/read/random/
2025-12-10 20:10:00.463 | INFO     | __main__:<module>:34 - Demande de citation aléatoire à http://127.0.0.1:9000/read/random/
2025-12-10 20:10:00.463 | INFO     | __main__:<module>:34 - Demande de citation aléatoire à http://127.0.0.1:9000/read/random/
2025-12-10 20:10:00.463 | INFO     | __main__:<module>:34 - Demande de citation aléatoire à http://127.0.0.1:9000/read/random/
2025-12-10 20:10:00.463 | INFO     | __main__:<module>:34 - Demande de citation aléatoire à http://127.0.0.1:9000/read/random/
2025-12-10 20:10:00.487 | INFO     | __main__:<module>:39 - Réponse backend random: {'id': 3, 'text': 'Roses are red, Violets are blue'}
2025-12-10 20:10:00.487 | INFO     | __main__:<module>:39 - Réponse backend random: {'id': 3, 'text': 'Roses are red, Violets are blue'}
2025-12-10 20:10:00.487 | INFO     | __main__:<module>:39 - Réponse backend random: {'id': 3, 'text': 'Roses are red, Violets are blue'}
2025-12-10 20:10:00.487 | INFO     | __main__:<module>:39 - Réponse backend random: {'id': 3, 'text': 'Roses are red, Violets are blue'}
2025-12-10 20:10:00.487 | INFO     | __main__:<module>:39 - Réponse backend random: {'id': 3, 'text': 'Roses are red, Violets are blue'}
2025-12-10 20:10:02.496 | INFO     | __main__:<module>:108 - Envoi à l'API IA pour analyse: ID=3
2025-12-10 20:10:02.496 | INFO     | __main__:<module>:108 - Envoi à l'API IA pour analyse: ID=3
2025-12-10 20:10:02.496 | INFO     | __main__:<module>:108 - Envoi à l'API IA pour analyse: ID=3
2025-12-10 20:10:02.496 | INFO     | __main__:<module>:108 - Envoi à l'API IA pour analyse: ID=3
2025-12-10 20:10:02.496 | INFO     | __main__:<module>:108 - Envoi à l'API IA pour analyse: ID=3
2025-12-10 20:10:02.496 | INFO     | __main__:<module>:108 - Envoi à l'API IA pour analyse: ID=3
2025-12-10 20:10:02.536 | INFO     | __main__:<module>:115 - Réponse API IA status=200 body={"neg":0.0,"neu":1.0,"pos":0.0,"compound":0.0}
2025-12-10 20:10:02.536 | INFO     | __main__:<module>:115 - Réponse API IA status=200 body={"neg":0.0,"neu":1.0,"pos":0.0,"compound":0.0}
2025-12-10 20:10:02.536 | INFO     | __main__:<module>:115 - Réponse API IA status=200 body={"neg":0.0,"neu":1.0,"pos":0.0,"compound":0.0}
2025-12-10 20:10:02.536 | INFO     | __main__:<module>:115 - Réponse API IA status=200 body={"neg":0.0,"neu":1.0,"pos":0.0,"compound":0.0}
2025-12-10 20:10:02.536 | INFO     | __main__:<module>:115 - Réponse API IA status=200 body={"neg":0.0,"neu":1.0,"pos":0.0,"compound":0.0}
2025-12-10 20:10:02.536 | INFO     | __main__:<module>:115 - Réponse API IA status=200 body={"neg":0.0,"neu":1.0,"pos":0.0,"compound":0.0}
2025-12-10 21:58:07.576 | INFO     | __main__:<module>:69 - Demande de citation ID=10 à http://127.0.0.1:9000/read/
2025-12-10 21:58:07.576 | INFO     | __main__:<module>:69 - Demande de citation ID=10 à http://127.0.0.1:9000/read/
2025-12-10 21:58:07.576 | INFO     | __main__:<module>:69 - Demande de citation ID=10 à http://127.0.0.1:9000/read/
2025-12-10 21:58:07.609 | INFO     | __main__:<module>:74 - Réponse backend ID 10: {'id': 10, 'text': 'Roses are red, Violets are blue'}
2025-12-10 21:58:07.609 | INFO     | __main__:<module>:74 - Réponse backend ID 10: {'id': 10, 'text': 'Roses are red, Violets are blue'}
2025-12-10 21:58:07.609 | INFO     | __main__:<module>:74 - Réponse backend ID 10: {'id': 10, 'text': 'Roses are red, Violets are blue'}
2025-12-10 21:58:10.580 | INFO     | __main__:<module>:108 - Envoi à l'API IA pour analyse: ID=10
2025-12-10 21:58:10.580 | INFO     | __main__:<module>:108 - Envoi à l'API IA pour analyse: ID=10
2025-12-10 21:58:10.580 | INFO     | __main__:<module>:108 - Envoi à l'API IA pour analyse: ID=10
2025-12-10 21:58:10.580 | INFO     | __main__:<module>:108 - Envoi à l'API IA pour analyse: ID=10
2025-12-10 21:58:10.616 | INFO     | __main__:<module>:115 - Réponse API IA status=200 body={"neg":0.0,"neu":1.0,"pos":0.0,"compound":0.0}
2025-12-10 21:58:10.616 | INFO     | __main__:<module>:115 - Réponse API IA status=200 body={"neg":0.0,"neu":1.0,"pos":0.0,"compound":0.0}
2025-12-10 21:58:10.616 | INFO     | __main__:<module>:115 - Réponse API IA status=200 body={"neg":0.0,"neu":1.0,"pos":0.0,"compound":0.0}
2025-12-10 21:58:10.616 | INFO     | __main__:<module>:115 - Réponse API IA status=200 body={"neg":0.0,"neu":1.0,"pos":0.0,"compound":0.0}
2025-12-10 21:59:06.440 | INFO     | __main__:<module>:69 - Demande de citation ID=10 à http://127.0.0.1:9000/read/
2025-12-10 21:59:06.440 | INFO     | __main__:<module>:69 - Demande de citation ID=10 à http://127.0.0.1:9000/read/
2025-12-10 21:59:06.440 | INFO     | __main__:<module>:69 - Demande de citation ID=10 à http://127.0.0.1:9000/read/
2025-12-10 21:59:06.440 | INFO     | __main__:<module>:69 - Demande de citation ID=10 à http://127.0.0.1:9000/read/
2025-12-10 21:59:06.440 | INFO     | __main__:<module>:69 - Demande de citation ID=10 à http://127.0.0.1:9000/read/
2025-12-10 21:59:06.465 | INFO     | __main__:<module>:74 - Réponse backend ID 10: {'id': 10, 'text': 'Roses are red, Violets are blue'}
2025-12-10 21:59:06.465 | INFO     | __main__:<module>:74 - Réponse backend ID 10: {'id': 10, 'text': 'Roses are red, Violets are blue'}
2025-12-10 21:59:06.465 | INFO     | __main__:<module>:74 - Réponse backend ID 10: {'id': 10, 'text': 'Roses are red, Violets are blue'}
2025-12-10 21:59:06.465 | INFO     | __main__:<module>:74 - Réponse backend ID 10: {'id': 10, 'text': 'Roses are red, Violets are blue'}
2025-12-10 21:59:06.465 | INFO     | __main__:<module>:74 - Réponse backend ID 10: {'id': 10, 'text': 'Roses are red, Violets are blue'}
2025-12-10 21:59:13.282 | INFO     | __main__:<module>:34 - Demande de citation aléatoire à http://127.0.0.1:9000/read/random/
2025-12-10 21:59:13.282 | INFO     | __main__:<module>:34 - Demande de citation aléatoire à http://127.0.0.1:9000/read/random/
2025-12-10 21:59:13.282 | INFO     | __main__:<module>:34 - Demande de citation aléatoire à http://127.0.0.1:9000/read/random/
2025-12-10 21:59:13.282 | INFO     | __main__:<module>:34 - Demande de citation aléatoire à http://127.0.0.1:9000/read/random/
2025-12-10 21:59:13.282 | INFO     | __main__:<module>:34 - Demande de citation aléatoire à http://127.0.0.1:9000/read/random/
2025-12-10 21:59:13.282 | INFO     | __main__:<module>:34 - Demande de citation aléatoire à http://127.0.0.1:9000/read/random/
2025-12-10 21:59:13.282 | INFO     | __main__:<module>:34 - Demande de citation aléatoire à http://127.0.0.1:9000/read/random/
2025-12-10 21:59:13.290 | INFO     | __main__:<module>:39 - Réponse backend random: {'id': 8, 'text': "Le mal c'est pas bien"}
2025-12-10 21:59:13.290 | INFO     | __main__:<module>:39 - Réponse backend random: {'id': 8, 'text': "Le mal c'est pas bien"}
2025-12-10 21:59:13.290 | INFO     | __main__:<module>:39 - Réponse backend random: {'id': 8, 'text': "Le mal c'est pas bien"}
2025-12-10 21:59:13.290 | INFO     | __main__:<module>:39 - Réponse backend random: {'id': 8, 'text': "Le mal c'est pas bien"}
2025-12-10 21:59:13.290 | INFO     | __main__:<module>:39 - Réponse backend random: {'id': 8, 'text': "Le mal c'est pas bien"}
2025-12-10 21:59:13.290 | INFO     | __main__:<module>:39 - Réponse backend random: {'id': 8, 'text': "Le mal c'est pas bien"}
2025-12-10 21:59:13.290 | INFO     | __main__:<module>:39 - Réponse backend random: {'id': 8, 'text': "Le mal c'est pas bien"}
2025-12-10 21:59:45.690 | INFO     | __main__:<module>:34 - Demande de citation aléatoire à http://127.0.0.1:9000/read/random/
2025-12-10 21:59:45.690 | INFO     | __main__:<module>:34 - Demande de citation aléatoire à http://127.0.0.1:9000/read/random/
2025-12-10 21:59:45.690 | INFO     | __main__:<module>:34 - Demande de citation aléatoire à http://127.0.0.1:9000/read/random/
2025-12-10 21:59:45.690 | INFO     | __main__:<module>:34 - Demande de citation aléatoire à http://127.0.0.1:9000/read/random/
2025-12-10 21:59:45.690 | INFO     | __main__:<module>:34 - Demande de citation aléatoire à http://127.0.0.1:9000/read/random/
2025-12-10 21:59:45.690 | INFO     | __main__:<module>:34 - Demande de citation aléatoire à http://127.0.0.1:9000/read/random/
2025-12-10 21:59:45.690 | INFO     | __main__:<module>:34 - Demande de citation aléatoire à http://127.0.0.1:9000/read/random/
2025-12-10 21:59:45.690 | INFO     | __main__:<module>:34 - Demande de citation aléatoire à http://127.0.0.1:9000/read/random/
2025-12-10 21:59:45.690 | INFO     | __main__:<module>:34 - Demande de citation aléatoire à http://127.0.0.1:9000/read/random/
2025-12-10 21:59:45.735 | INFO     | __main__:<module>:39 - Réponse backend random: {'id': 7, 'text': 'No Pain No Gain'}
2025-12-10 21:59:45.735 | INFO     | __main__:<module>:39 - Réponse backend random: {'id': 7, 'text': 'No Pain No Gain'}
2025-12-10 21:59:45.735 | INFO     | __main__:<module>:39 - Réponse backend random: {'id': 7, 'text': 'No Pain No Gain'}
2025-12-10 21:59:45.735 | INFO     | __main__:<module>:39 - Réponse backend random: {'id': 7, 'text': 'No Pain No Gain'}
2025-12-10 21:59:45.735 | INFO     | __main__:<module>:39 - Réponse backend random: {'id': 7, 'text': 'No Pain No Gain'}
2025-12-10 21:59:45.735 | INFO     | __main__:<module>:39 - Réponse backend random: {'id': 7, 'text': 'No Pain No Gain'}
2025-12-10 21:59:45.735 | INFO     | __main__:<module>:39 - Réponse backend random: {'id': 7, 'text': 'No Pain No Gain'}
2025-12-10 21:59:45.735 | INFO     | __main__:<module>:39 - Réponse backend random: {'id': 7, 'text': 'No Pain No Gain'}
2025-12-10 21:59:45.735 | INFO     | __main__:<module>:39 - Réponse backend random: {'id': 7, 'text': 'No Pain No Gain'}
2025-12-10 21:59:47.523 | INFO     | __main__:<module>:108 - Envoi à l'API IA pour analyse: ID=7
2025-12-10 21:59:47.523 | INFO     | __main__:<module>:108 - Envoi à l'API IA pour analyse: ID=7
2025-12-10 21:59:47.523 | INFO     | __main__:<module>:108 - Envoi à l'API IA pour analyse: ID=7
2025-12-10 21:59:47.523 | INFO     | __main__:<module>:108 - Envoi à l'API IA pour analyse: ID=7
2025-12-10 21:59:47.523 | INFO     | __main__:<module>:108 - Envoi à l'API IA pour analyse: ID=7
2025-12-10 21:59:47.523 | INFO     | __main__:<module>:108 - Envoi à l'API IA pour analyse: ID=7
2025-12-10 21:59:47.523 | INFO     | __main__:<module>:108 - Envoi à l'API IA pour analyse: ID=7
2025-12-10 21:59:47.523 | INFO     | __main__:<module>:108 - Envoi à l'API IA pour analyse: ID=7
2025-12-10 21:59:47.523 | INFO     | __main__:<module>:108 - Envoi à l'API IA pour analyse: ID=7
2025-12-10 21:59:47.523 | INFO     | __main__:<module>:108 - Envoi à l'API IA pour analyse: ID=7
2025-12-10 21:59:47.623 | INFO     | __main__:<module>:115 - Réponse API IA status=200 body={"neg":0.694,"neu":0.0,"pos":0.306,"compound":-0.5106}
2025-12-10 21:59:47.623 | INFO     | __main__:<module>:115 - Réponse API IA status=200 body={"neg":0.694,"neu":0.0,"pos":0.306,"compound":-0.5106}
2025-12-10 21:59:47.623 | INFO     | __main__:<module>:115 - Réponse API IA status=200 body={"neg":0.694,"neu":0.0,"pos":0.306,"compound":-0.5106}
2025-12-10 21:59:47.623 | INFO     | __main__:<module>:115 - Réponse API IA status=200 body={"neg":0.694,"neu":0.0,"pos":0.306,"compound":-0.5106}
2025-12-10 21:59:47.623 | INFO     | __main__:<module>:115 - Réponse API IA status=200 body={"neg":0.694,"neu":0.0,"pos":0.306,"compound":-0.5106}
2025-12-10 21:59:47.623 | INFO     | __main__:<module>:115 - Réponse API IA status=200 body={"neg":0.694,"neu":0.0,"pos":0.306,"compound":-0.5106}
2025-12-10 21:59:47.623 | INFO     | __main__:<module>:115 - Réponse API IA status=200 body={"neg":0.694,"neu":0.0,"pos":0.306,"compound":-0.5106}
2025-12-10 21:59:47.623 | INFO     | __main__:<module>:115 - Réponse API IA status=200 body={"neg":0.694,"neu":0.0,"pos":0.306,"compound":-0.5106}
2025-12-10 21:59:47.623 | INFO     | __main__:<module>:115 - Réponse API IA status=200 body={"neg":0.694,"neu":0.0,"pos":0.306,"compound":-0.5106}
2025-12-10 21:59:47.623 | INFO     | __main__:<module>:115 - Réponse API IA status=200 body={"neg":0.694,"neu":0.0,"pos":0.306,"compound":-0.5106}
2025-12-10 22:00:04.065 | INFO     | __main__:<module>:69 - Demande de citation ID=1 à http://127.0.0.1:9000/read/
2025-12-10 22:00:04.065 | INFO     | __main__:<module>:69 - Demande de citation ID=1 à http://127.0.0.1:9000/read/
2025-12-10 22:00:04.065 | INFO     | __main__:<module>:69 - Demande de citation ID=1 à http://127.0.0.1:9000/read/
2025-12-10 22:00:04.065 | INFO     | __main__:<module>:69 - Demande de citation ID=1 à http://127.0.0.1:9000/read/
2025-12-10 22:00:04.065 | INFO     | __main__:<module>:69 - Demande de citation ID=1 à http://127.0.0.1:9000/read/
2025-12-10 22:00:04.065 | INFO     | __main__:<module>:69 - Demande de citation ID=1 à http://127.0.0.1:9000/read/
2025-12-10 22:00:04.065 | INFO     | __main__:<module>:69 - Demande de citation ID=1 à http://127.0.0.1:9000/read/
2025-12-10 22:00:04.065 | INFO     | __main__:<module>:69 - Demande de citation ID=1 à http://127.0.0.1:9000/read/
2025-12-10 22:00:04.065 | INFO     | __main__:<module>:69 - Demande de citation ID=1 à http://127.0.0.1:9000/read/
2025-12-10 22:00:04.065 | INFO     | __main__:<module>:69 - Demande de citation ID=1 à http://127.0.0.1:9000/read/
2025-12-10 22:00:04.065 | INFO     | __main__:<module>:69 - Demande de citation ID=1 à http://127.0.0.1:9000/read/
2025-12-10 22:00:04.065 | INFO     | __main__:<module>:69 - Demande de citation ID=1 à http://127.0.0.1:9000/read/
2025-12-10 22:00:04.074 | INFO     | __main__:<module>:74 - Réponse backend ID 1: {'id': 1, 'text': "Le mal c'est pas bien"}
2025-12-10 22:00:04.074 | INFO     | __main__:<module>:74 - Réponse backend ID 1: {'id': 1, 'text': "Le mal c'est pas bien"}
2025-12-10 22:00:04.074 | INFO     | __main__:<module>:74 - Réponse backend ID 1: {'id': 1, 'text': "Le mal c'est pas bien"}
2025-12-10 22:00:04.074 | INFO     | __main__:<module>:74 - Réponse backend ID 1: {'id': 1, 'text': "Le mal c'est pas bien"}
2025-12-10 22:00:04.074 | INFO     | __main__:<module>:74 - Réponse backend ID 1: {'id': 1, 'text': "Le mal c'est pas bien"}
2025-12-10 22:00:04.074 | INFO     | __main__:<module>:74 - Réponse backend ID 1: {'id': 1, 'text': "Le mal c'est pas bien"}
2025-12-10 22:00:04.074 | INFO     | __main__:<module>:74 - Réponse backend ID 1: {'id': 1, 'text': "Le mal c'est pas bien"}
2025-12-10 22:00:04.074 | INFO     | __main__:<module>:74 - Réponse backend ID 1: {'id': 1, 'text': "Le mal c'est pas bien"}
2025-12-10 22:00:04.074 | INFO     | __main__:<module>:74 - Réponse backend ID 1: {'id': 1, 'text': "Le mal c'est pas bien"}
2025-12-10 22:00:04.074 | INFO     | __main__:<module>:74 - Réponse backend ID 1: {'id': 1, 'text': "Le mal c'est pas bien"}
2025-12-10 22:00:04.074 | INFO     | __main__:<module>:74 - Réponse backend ID 1: {'id': 1, 'text': "Le mal c'est pas bien"}
2025-12-10 22:00:04.074 | INFO     | __main__:<module>:74 - Réponse backend ID 1: {'id': 1, 'text': "Le mal c'est pas bien"}
2025-12-10 22:00:06.331 | INFO     | __main__:<module>:108 - Envoi à l'API IA pour analyse: ID=1
2025-12-10 22:00:06.331 | INFO     | __main__:<module>:108 - Envoi à l'API IA pour analyse: ID=1
2025-12-10 22:00:06.331 | INFO     | __main__:<module>:108 - Envoi à l'API IA pour analyse: ID=1
2025-12-10 22:00:06.331 | INFO     | __main__:<module>:108 - Envoi à l'API IA pour analyse: ID=1
2025-12-10 22:00:06.331 | INFO     | __main__:<module>:108 - Envoi à l'API IA pour analyse: ID=1
2025-12-10 22:00:06.331 | INFO     | __main__:<module>:108 - Envoi à l'API IA pour analyse: ID=1
2025-12-10 22:00:06.331 | INFO     | __main__:<module>:108 - Envoi à l'API IA pour analyse: ID=1
2025-12-10 22:00:06.331 | INFO     | __main__:<module>:108 - Envoi à l'API IA pour analyse: ID=1
2025-12-10 22:00:06.331 | INFO     | __main__:<module>:108 - Envoi à l'API IA pour analyse: ID=1
2025-12-10 22:00:06.331 | INFO     | __main__:<module>:108 - Envoi à l'API IA pour analyse: ID=1
2025-12-10 22:00:06.331 | INFO     | __main__:<module>:108 - Envoi à l'API IA pour analyse: ID=1
2025-12-10 22:00:06.331 | INFO     | __main__:<module>:108 - Envoi à l'API IA pour analyse: ID=1
2025-12-10 22:00:06.331 | INFO     | __main__:<module>:108 - Envoi à l'API IA pour analyse: ID=1
2025-12-10 22:00:06.339 | INFO     | __main__:<module>:115 - Réponse API IA status=200 body={"neg":0.0,"neu":1.0,"pos":0.0,"compound":0.0}
2025-12-10 22:00:06.339 | INFO     | __main__:<module>:115 - Réponse API IA status=200 body={"neg":0.0,"neu":1.0,"pos":0.0,"compound":0.0}
2025-12-10 22:00:06.339 | INFO     | __main__:<module>:115 - Réponse API IA status=200 body={"neg":0.0,"neu":1.0,"pos":0.0,"compound":0.0}
2025-12-10 22:00:06.339 | INFO     | __main__:<module>:115 - Réponse API IA status=200 body={"neg":0.0,"neu":1.0,"pos":0.0,"compound":0.0}
2025-12-10 22:00:06.339 | INFO     | __main__:<module>:115 - Réponse API IA status=200 body={"neg":0.0,"neu":1.0,"pos":0.0,"compound":0.0}
2025-12-10 22:00:06.339 | INFO     | __main__:<module>:115 - Réponse API IA status=200 body={"neg":0.0,"neu":1.0,"pos":0.0,"compound":0.0}
2025-12-10 22:00:06.339 | INFO     | __main__:<module>:115 - Réponse API IA status=200 body={"neg":0.0,"neu":1.0,"pos":0.0,"compound":0.0}
2025-12-10 22:00:06.339 | INFO     | __main__:<module>:115 - Réponse API IA status=200 body={"neg":0.0,"neu":1.0,"pos":0.0,"compound":0.0}
2025-12-10 22:00:06.339 | INFO     | __main__:<module>:115 - Réponse API IA status=200 body={"neg":0.0,"neu":1.0,"pos":0.0,"compound":0.0}
2025-12-10 22:00:06.339 | INFO     | __main__:<module>:115 - Réponse API IA status=200 body={"neg":0.0,"neu":1.0,"pos":0.0,"compound":0.0}
2025-12-10 22:00:06.339 | INFO     | __main__:<module>:115 - Réponse API IA status=200 body={"neg":0.0,"neu":1.0,"pos":0.0,"compound":0.0}
2025-12-10 22:00:06.339 | INFO     | __main__:<module>:115 - Réponse API IA status=200 body={"neg":0.0,"neu":1.0,"pos":0.0,"compound":0.0}
2025-12-10 22:00:06.339 | INFO     | __main__:<module>:115 - Réponse API IA status=200 body={"neg":0.0,"neu":1.0,"pos":0.0,"compound":0.0}
2025-12-10 22:01:44.058 | INFO     | __main__:<module>:69 - Demande de citation ID=10 à http://127.0.0.1:9000/read/
2025-12-10 22:01:44.058 | INFO     | __main__:<module>:69 - Demande de citation ID=10 à http://127.0.0.1:9000/read/
2025-12-10 22:01:44.058 | INFO     | __main__:<module>:69 - Demande de citation ID=10 à http://127.0.0.1:9000/read/
2025-12-10 22:01:44.058 | INFO     | __main__:<module>:69 - Demande de citation ID=10 à http://127.0.0.1:9000/read/
2025-12-10 22:01:44.058 | INFO     | __main__:<module>:69 - Demande de citation ID=10 à http://127.0.0.1:9000/read/
2025-12-10 22:01:44.058 | INFO     | __main__:<module>:69 - Demande de citation ID=10 à http://127.0.0.1:9000/read/
2025-12-10 22:01:44.058 | INFO     | __main__:<module>:69 - Demande de citation ID=10 à http://127.0.0.1:9000/read/
2025-12-10 22:01:44.058 | INFO     | __main__:<module>:69 - Demande de citation ID=10 à http://127.0.0.1:9000/read/
2025-12-10 22:01:44.058 | INFO     | __main__:<module>:69 - Demande de citation ID=10 à http://127.0.0.1:9000/read/
2025-12-10 22:01:44.058 | INFO     | __main__:<module>:69 - Demande de citation ID=10 à http://127.0.0.1:9000/read/
2025-12-10 22:01:44.058 | INFO     | __main__:<module>:69 - Demande de citation ID=10 à http://127.0.0.1:9000/read/
2025-12-10 22:01:44.058 | INFO     | __main__:<module>:69 - Demande de citation ID=10 à http://127.0.0.1:9000/read/
2025-12-10 22:01:44.058 | INFO     | __main__:<module>:69 - Demande de citation ID=10 à http://127.0.0.1:9000/read/
2025-12-10 22:01:44.058 | INFO     | __main__:<module>:69 - Demande de citation ID=10 à http://127.0.0.1:9000/read/
2025-12-10 22:01:44.086 | INFO     | __main__:<module>:74 - Réponse backend ID 10: {'id': 10, 'text': 'Roses are red, Violets are blue'}
2025-12-10 22:01:44.086 | INFO     | __main__:<module>:74 - Réponse backend ID 10: {'id': 10, 'text': 'Roses are red, Violets are blue'}
2025-12-10 22:01:44.086 | INFO     | __main__:<module>:74 - Réponse backend ID 10: {'id': 10, 'text': 'Roses are red, Violets are blue'}
2025-12-10 22:01:44.086 | INFO     | __main__:<module>:74 - Réponse backend ID 10: {'id': 10, 'text': 'Roses are red, Violets are blue'}
2025-12-10 22:01:44.086 | INFO     | __main__:<module>:74 - Réponse backend ID 10: {'id': 10, 'text': 'Roses are red, Violets are blue'}
2025-12-10 22:01:44.086 | INFO     | __main__:<module>:74 - Réponse backend ID 10: {'id': 10, 'text': 'Roses are red, Violets are blue'}
2025-12-10 22:01:44.086 | INFO     | __main__:<module>:74 - Réponse backend ID 10: {'id': 10, 'text': 'Roses are red, Violets are blue'}
2025-12-10 22:01:44.086 | INFO     | __main__:<module>:74 - Réponse backend ID 10: {'id': 10, 'text': 'Roses are red, Violets are blue'}
2025-12-10 22:01:44.086 | INFO     | __main__:<module>:74 - Réponse backend ID 10: {'id': 10, 'text': 'Roses are red, Violets are blue'}
2025-12-10 22:01:44.086 | INFO     | __main__:<module>:74 - Réponse backend ID 10: {'id': 10, 'text': 'Roses are red, Violets are blue'}
2025-12-10 22:01:44.086 | INFO     | __main__:<module>:74 - Réponse backend ID 10: {'id': 10, 'text': 'Roses are red, Violets are blue'}
2025-12-10 22:01:44.086 | INFO     | __main__:<module>:74 - Réponse backend ID 10: {'id': 10, 'text': 'Roses are red, Violets are blue'}
2025-12-10 22:01:44.086 | INFO     | __main__:<module>:74 - Réponse backend ID 10: {'id': 10, 'text': 'Roses are red, Violets are blue'}
2025-12-10 22:01:44.086 | INFO     | __main__:<module>:74 - Réponse backend ID 10: {'id': 10, 'text': 'Roses are red, Violets are blue'}
2025-12-10 22:01:46.748 | INFO     | __main__:<module>:108 - Envoi à l'API IA pour analyse: ID=10
2025-12-10 22:01:46.748 | INFO     | __main__:<module>:108 - Envoi à l'API IA pour analyse: ID=10
2025-12-10 22:01:46.748 | INFO     | __main__:<module>:108 - Envoi à l'API IA pour analyse: ID=10
2025-12-10 22:01:46.748 | INFO     | __main__:<module>:108 - Envoi à l'API IA pour analyse: ID=10
2025-12-10 22:01:46.748 | INFO     | __main__:<module>:108 - Envoi à l'API IA pour analyse: ID=10
2025-12-10 22:01:46.748 | INFO     | __main__:<module>:108 - Envoi à l'API IA pour analyse: ID=10
2025-12-10 22:01:46.748 | INFO     | __main__:<module>:108 - Envoi à l'API IA pour analyse: ID=10
2025-12-10 22:01:46.748 | INFO     | __main__:<module>:108 - Envoi à l'API IA pour analyse: ID=10
2025-12-10 22:01:46.748 | INFO     | __main__:<module>:108 - Envoi à l'API IA pour analyse: ID=10
2025-12-10 22:01:46.748 | INFO     | __main__:<module>:108 - Envoi à l'API IA pour analyse: ID=10
2025-12-10 22:01:46.748 | INFO     | __main__:<module>:108 - Envoi à l'API IA pour analyse: ID=10
2025-12-10 22:01:46.748 | INFO     | __main__:<module>:108 - Envoi à l'API IA pour analyse: ID=10
2025-12-10 22:01:46.748 | INFO     | __main__:<module>:108 - Envoi à l'API IA pour analyse: ID=10
2025-12-10 22:01:46.748 | INFO     | __main__:<module>:108 - Envoi à l'API IA pour analyse: ID=10
2025-12-10 22:01:46.748 | INFO     | __main__:<module>:108 - Envoi à l'API IA pour analyse: ID=10
2025-12-10 22:01:46.774 | INFO     | __main__:<module>:115 - Réponse API IA status=200 body={"neg":0.0,"neu":1.0,"pos":0.0,"compound":0.0}
2025-12-10 22:01:46.774 | INFO     | __main__:<module>:115 - Réponse API IA status=200 body={"neg":0.0,"neu":1.0,"pos":0.0,"compound":0.0}
2025-12-10 22:01:46.774 | INFO     | __main__:<module>:115 - Réponse API IA status=200 body={"neg":0.0,"neu":1.0,"pos":0.0,"compound":0.0}
2025-12-10 22:01:46.774 | INFO     | __main__:<module>:115 - Réponse API IA status=200 body={"neg":0.0,"neu":1.0,"pos":0.0,"compound":0.0}
2025-12-10 22:01:46.774 | INFO     | __main__:<module>:115 - Réponse API IA status=200 body={"neg":0.0,"neu":1.0,"pos":0.0,"compound":0.0}
2025-12-10 22:01:46.774 | INFO     | __main__:<module>:115 - Réponse API IA status=200 body={"neg":0.0,"neu":1.0,"pos":0.0,"compound":0.0}
2025-12-10 22:01:46.774 | INFO     | __main__:<module>:115 - Réponse API IA status=200 body={"neg":0.0,"neu":1.0,"pos":0.0,"compound":0.0}
2025-12-10 22:01:46.774 | INFO     | __main__:<module>:115 - Réponse API IA status=200 body={"neg":0.0,"neu":1.0,"pos":0.0,"compound":0.0}
2025-12-10 22:01:46.774 | INFO     | __main__:<module>:115 - Réponse API IA status=200 body={"neg":0.0,"neu":1.0,"pos":0.0,"compound":0.0}
2025-12-10 22:01:46.774 | INFO     | __main__:<module>:115 - Réponse API IA status=200 body={"neg":0.0,"neu":1.0,"pos":0.0,"compound":0.0}
2025-12-10 22:01:46.774 | INFO     | __main__:<module>:115 - Réponse API IA status=200 body={"neg":0.0,"neu":1.0,"pos":0.0,"compound":0.0}
2025-12-10 22:01:46.774 | INFO     | __main__:<module>:115 - Réponse API IA status=200 body={"neg":0.0,"neu":1.0,"pos":0.0,"compound":0.0}
2025-12-10 22:01:46.774 | INFO     | __main__:<module>:115 - Réponse API IA status=200 body={"neg":0.0,"neu":1.0,"pos":0.0,"compound":0.0}
2025-12-10 22:01:46.774 | INFO     | __main__:<module>:115 - Réponse API IA status=200 body={"neg":0.0,"neu":1.0,"pos":0.0,"compound":0.0}
2025-12-10 22:01:46.774 | INFO     | __main__:<module>:115 - Réponse API IA status=200 body={"neg":0.0,"neu":1.0,"pos":0.0,"compound":0.0}
2025-12-10 22:02:00.603 | INFO     | __main__:<module>:69 - Demande de citation ID=11 à http://127.0.0.1:9000/read/
2025-12-10 22:02:00.603 | INFO     | __main__:<module>:69 - Demande de citation ID=11 à http://127.0.0.1:9000/read/
2025-12-10 22:02:00.603 | INFO     | __main__:<module>:69 - Demande de citation ID=11 à http://127.0.0.1:9000/read/
2025-12-10 22:02:00.603 | INFO     | __main__:<module>:69 - Demande de citation ID=11 à http://127.0.0.1:9000/read/
2025-12-10 22:02:00.603 | INFO     | __main__:<module>:69 - Demande de citation ID=11 à http://127.0.0.1:9000/read/
2025-12-10 22:02:00.603 | INFO     | __main__:<module>:69 - Demande de citation ID=11 à http://127.0.0.1:9000/read/
2025-12-10 22:02:00.603 | INFO     | __main__:<module>:69 - Demande de citation ID=11 à http://127.0.0.1:9000/read/
2025-12-10 22:02:00.603 | INFO     | __main__:<module>:69 - Demande de citation ID=11 à http://127.0.0.1:9000/read/
2025-12-10 22:02:00.603 | INFO     | __main__:<module>:69 - Demande de citation ID=11 à http://127.0.0.1:9000/read/
2025-12-10 22:02:00.603 | INFO     | __main__:<module>:69 - Demande de citation ID=11 à http://127.0.0.1:9000/read/
2025-12-10 22:02:00.603 | INFO     | __main__:<module>:69 - Demande de citation ID=11 à http://127.0.0.1:9000/read/
2025-12-10 22:02:00.603 | INFO     | __main__:<module>:69 - Demande de citation ID=11 à http://127.0.0.1:9000/read/
2025-12-10 22:02:00.603 | INFO     | __main__:<module>:69 - Demande de citation ID=11 à http://127.0.0.1:9000/read/
2025-12-10 22:02:00.603 | INFO     | __main__:<module>:69 - Demande de citation ID=11 à http://127.0.0.1:9000/read/
2025-12-10 22:02:00.603 | INFO     | __main__:<module>:69 - Demande de citation ID=11 à http://127.0.0.1:9000/read/
2025-12-10 22:02:00.603 | INFO     | __main__:<module>:69 - Demande de citation ID=11 à http://127.0.0.1:9000/read/
2025-12-10 22:02:00.634 | INFO     | __main__:<module>:74 - Réponse backend ID 11: {'id': 11, 'text': "Le mal c'est pas bien"}
2025-12-10 22:02:00.634 | INFO     | __main__:<module>:74 - Réponse backend ID 11: {'id': 11, 'text': "Le mal c'est pas bien"}
2025-12-10 22:02:00.634 | INFO     | __main__:<module>:74 - Réponse backend ID 11: {'id': 11, 'text': "Le mal c'est pas bien"}
2025-12-10 22:02:00.634 | INFO     | __main__:<module>:74 - Réponse backend ID 11: {'id': 11, 'text': "Le mal c'est pas bien"}
2025-12-10 22:02:00.634 | INFO     | __main__:<module>:74 - Réponse backend ID 11: {'id': 11, 'text': "Le mal c'est pas bien"}
2025-12-10 22:02:00.634 | INFO     | __main__:<module>:74 - Réponse backend ID 11: {'id': 11, 'text': "Le mal c'est pas bien"}
2025-12-10 22:02:00.634 | INFO     | __main__:<module>:74 - Réponse backend ID 11: {'id': 11, 'text': "Le mal c'est pas bien"}
2025-12-10 22:02:00.634 | INFO     | __main__:<module>:74 - Réponse backend ID 11: {'id': 11, 'text': "Le mal c'est pas bien"}
2025-12-10 22:02:00.634 | INFO     | __main__:<module>:74 - Réponse backend ID 11: {'id': 11, 'text': "Le mal c'est pas bien"}
2025-12-10 22:02:00.634 | INFO     | __main__:<module>:74 - Réponse backend ID 11: {'id': 11, 'text': "Le mal c'est pas bien"}
2025-12-10 22:02:00.634 | INFO     | __main__:<module>:74 - Réponse backend ID 11: {'id': 11, 'text': "Le mal c'est pas bien"}
2025-12-10 22:02:00.634 | INFO     | __main__:<module>:74 - Réponse backend ID 11: {'id': 11, 'text': "Le mal c'est pas bien"}
2025-12-10 22:02:00.634 | INFO     | __main__:<module>:74 - Réponse backend ID 11: {'id': 11, 'text': "Le mal c'est pas bien"}
2025-12-10 22:02:00.634 | INFO     | __main__:<module>:74 - Réponse backend ID 11: {'id': 11, 'text': "Le mal c'est pas bien"}
2025-12-10 22:02:00.634 | INFO     | __main__:<module>:74 - Réponse backend ID 11: {'id': 11, 'text': "Le mal c'est pas bien"}
2025-12-10 22:02:00.634 | INFO     | __main__:<module>:74 - Réponse backend ID 11: {'id': 11, 'text': "Le mal c'est pas bien"}
2025-12-10 22:02:03.767 | INFO     | __main__:<module>:69 - Demande de citation ID=12 à http://127.0.0.1:9000/read/
2025-12-10 22:02:03.767 | INFO     | __main__:<module>:69 - Demande de citation ID=12 à http://127.0.0.1:9000/read/
2025-12-10 22:02:03.767 | INFO     | __main__:<module>:69 - Demande de citation ID=12 à http://127.0.0.1:9000/read/
2025-12-10 22:02:03.767 | INFO     | __main__:<module>:69 - Demande de citation ID=12 à http://127.0.0.1:9000/read/
2025-12-10 22:02:03.767 | INFO     | __main__:<module>:69 - Demande de citation ID=12 à http://127.0.0.1:9000/read/
2025-12-10 22:02:03.767 | INFO     | __main__:<module>:69 - Demande de citation ID=12 à http://127.0.0.1:9000/read/
2025-12-10 22:02:03.767 | INFO     | __main__:<module>:69 - Demande de citation ID=12 à http://127.0.0.1:9000/read/
2025-12-10 22:02:03.767 | INFO     | __main__:<module>:69 - Demande de citation ID=12 à http://127.0.0.1:9000/read/
2025-12-10 22:02:03.767 | INFO     | __main__:<module>:69 - Demande de citation ID=12 à http://127.0.0.1:9000/read/
2025-12-10 22:02:03.767 | INFO     | __main__:<module>:69 - Demande de citation ID=12 à http://127.0.0.1:9000/read/
2025-12-10 22:02:03.767 | INFO     | __main__:<module>:69 - Demande de citation ID=12 à http://127.0.0.1:9000/read/
2025-12-10 22:02:03.767 | INFO     | __main__:<module>:69 - Demande de citation ID=12 à http://127.0.0.1:9000/read/
2025-12-10 22:02:03.767 | INFO     | __main__:<module>:69 - Demande de citation ID=12 à http://127.0.0.1:9000/read/
2025-12-10 22:02:03.767 | INFO     | __main__:<module>:69 - Demande de citation ID=12 à http://127.0.0.1:9000/read/
2025-12-10 22:02:03.767 | INFO     | __main__:<module>:69 - Demande de citation ID=12 à http://127.0.0.1:9000/read/
2025-12-10 22:02:03.767 | INFO     | __main__:<module>:69 - Demande de citation ID=12 à http://127.0.0.1:9000/read/
2025-12-10 22:02:03.767 | INFO     | __main__:<module>:69 - Demande de citation ID=12 à http://127.0.0.1:9000/read/
2025-12-10 22:02:03.775 | INFO     | __main__:<module>:74 - Réponse backend ID 12: {'id': 12, 'text': "Le mal c'est pas bien"}
2025-12-10 22:02:03.775 | INFO     | __main__:<module>:74 - Réponse backend ID 12: {'id': 12, 'text': "Le mal c'est pas bien"}
2025-12-10 22:02:03.775 | INFO     | __main__:<module>:74 - Réponse backend ID 12: {'id': 12, 'text': "Le mal c'est pas bien"}
2025-12-10 22:02:03.775 | INFO     | __main__:<module>:74 - Réponse backend ID 12: {'id': 12, 'text': "Le mal c'est pas bien"}
2025-12-10 22:02:03.775 | INFO     | __main__:<module>:74 - Réponse backend ID 12: {'id': 12, 'text': "Le mal c'est pas bien"}
2025-12-10 22:02:03.775 | INFO     | __main__:<module>:74 - Réponse backend ID 12: {'id': 12, 'text': "Le mal c'est pas bien"}
2025-12-10 22:02:03.775 | INFO     | __main__:<module>:74 - Réponse backend ID 12: {'id': 12, 'text': "Le mal c'est pas bien"}
2025-12-10 22:02:03.775 | INFO     | __main__:<module>:74 - Réponse backend ID 12: {'id': 12, 'text': "Le mal c'est pas bien"}
2025-12-10 22:02:03.775 | INFO     | __main__:<module>:74 - Réponse backend ID 12: {'id': 12, 'text': "Le mal c'est pas bien"}
2025-12-10 22:02:03.775 | INFO     | __main__:<module>:74 - Réponse backend ID 12: {'id': 12, 'text': "Le mal c'est pas bien"}
2025-12-10 22:02:03.775 | INFO     | __main__:<module>:74 - Réponse backend ID 12: {'id': 12, 'text': "Le mal c'est pas bien"}
2025-12-10 22:02:03.775 | INFO     | __main__:<module>:74 - Réponse backend ID 12: {'id': 12, 'text': "Le mal c'est pas bien"}
2025-12-10 22:02:03.775 | INFO     | __main__:<module>:74 - Réponse backend ID 12: {'id': 12, 'text': "Le mal c'est pas bien"}
2025-12-10 22:02:03.775 | INFO     | __main__:<module>:74 - Réponse backend ID 12: {'id': 12, 'text': "Le mal c'est pas bien"}
2025-12-10 22:02:03.775 | INFO     | __main__:<module>:74 - Réponse backend ID 12: {'id': 12, 'text': "Le mal c'est pas bien"}
2025-12-10 22:02:03.775 | INFO     | __main__:<module>:74 - Réponse backend ID 12: {'id': 12, 'text': "Le mal c'est pas bien"}
2025-12-10 22:02:03.775 | INFO     | __main__:<module>:74 - Réponse backend ID 12: {'id': 12, 'text': "Le mal c'est pas bien"}
2025-12-10 22:02:05.696 | INFO     | __main__:<module>:69 - Demande de citation ID=13 à http://127.0.0.1:9000/read/
2025-12-10 22:02:05.696 | INFO     | __main__:<module>:69 - Demande de citation ID=13 à http://127.0.0.1:9000/read/
2025-12-10 22:02:05.696 | INFO     | __main__:<module>:69 - Demande de citation ID=13 à http://127.0.0.1:9000/read/
2025-12-10 22:02:05.696 | INFO     | __main__:<module>:69 - Demande de citation ID=13 à http://127.0.0.1:9000/read/
2025-12-10 22:02:05.696 | INFO     | __main__:<module>:69 - Demande de citation ID=13 à http://127.0.0.1:9000/read/
2025-12-10 22:02:05.696 | INFO     | __main__:<module>:69 - Demande de citation ID=13 à http://127.0.0.1:9000/read/
2025-12-10 22:02:05.696 | INFO     | __main__:<module>:69 - Demande de citation ID=13 à http://127.0.0.1:9000/read/
2025-12-10 22:02:05.696 | INFO     | __main__:<module>:69 - Demande de citation ID=13 à http://127.0.0.1:9000/read/
2025-12-10 22:02:05.696 | INFO     | __main__:<module>:69 - Demande de citation ID=13 à http://127.0.0.1:9000/read/
2025-12-10 22:02:05.696 | INFO     | __main__:<module>:69 - Demande de citation ID=13 à http://127.0.0.1:9000/read/
2025-12-10 22:02:05.696 | INFO     | __main__:<module>:69 - Demande de citation ID=13 à http://127.0.0.1:9000/read/
2025-12-10 22:02:05.696 | INFO     | __main__:<module>:69 - Demande de citation ID=13 à http://127.0.0.1:9000/read/
2025-12-10 22:02:05.696 | INFO     | __main__:<module>:69 - Demande de citation ID=13 à http://127.0.0.1:9000/read/
2025-12-10 22:02:05.696 | INFO     | __main__:<module>:69 - Demande de citation ID=13 à http://127.0.0.1:9000/read/
2025-12-10 22:02:05.696 | INFO     | __main__:<module>:69 - Demande de citation ID=13 à http://127.0.0.1:9000/read/
2025-12-10 22:02:05.696 | INFO     | __main__:<module>:69 - Demande de citation ID=13 à http://127.0.0.1:9000/read/
2025-12-10 22:02:05.696 | INFO     | __main__:<module>:69 - Demande de citation ID=13 à http://127.0.0.1:9000/read/
2025-12-10 22:02:05.696 | INFO     | __main__:<module>:69 - Demande de citation ID=13 à http://127.0.0.1:9000/read/
2025-12-10 22:02:05.722 | INFO     | __main__:<module>:74 - Réponse backend ID 13: {'id': 13, 'text': 'Roses are red, Violets are blue'}
2025-12-10 22:02:05.722 | INFO     | __main__:<module>:74 - Réponse backend ID 13: {'id': 13, 'text': 'Roses are red, Violets are blue'}
2025-12-10 22:02:05.722 | INFO     | __main__:<module>:74 - Réponse backend ID 13: {'id': 13, 'text': 'Roses are red, Violets are blue'}
2025-12-10 22:02:05.722 | INFO     | __main__:<module>:74 - Réponse backend ID 13: {'id': 13, 'text': 'Roses are red, Violets are blue'}
2025-12-10 22:02:05.722 | INFO     | __main__:<module>:74 - Réponse backend ID 13: {'id': 13, 'text': 'Roses are red, Violets are blue'}
2025-12-10 22:02:05.722 | INFO     | __main__:<module>:74 - Réponse backend ID 13: {'id': 13, 'text': 'Roses are red, Violets are blue'}
2025-12-10 22:02:05.722 | INFO     | __main__:<module>:74 - Réponse backend ID 13: {'id': 13, 'text': 'Roses are red, Violets are blue'}
2025-12-10 22:02:05.722 | INFO     | __main__:<module>:74 - Réponse backend ID 13: {'id': 13, 'text': 'Roses are red, Violets are blue'}
2025-12-10 22:02:05.722 | INFO     | __main__:<module>:74 - Réponse backend ID 13: {'id': 13, 'text': 'Roses are red, Violets are blue'}
2025-12-10 22:02:05.722 | INFO     | __main__:<module>:74 - Réponse backend ID 13: {'id': 13, 'text': 'Roses are red, Violets are blue'}
2025-12-10 22:02:05.722 | INFO     | __main__:<module>:74 - Réponse backend ID 13: {'id': 13, 'text': 'Roses are red, Violets are blue'}
2025-12-10 22:02:05.722 | INFO     | __main__:<module>:74 - Réponse backend ID 13: {'id': 13, 'text': 'Roses are red, Violets are blue'}
2025-12-10 22:02:05.722 | INFO     | __main__:<module>:74 - Réponse backend ID 13: {'id': 13, 'text': 'Roses are red, Violets are blue'}
2025-12-10 22:02:05.722 | INFO     | __main__:<module>:74 - Réponse backend ID 13: {'id': 13, 'text': 'Roses are red, Violets are blue'}
2025-12-10 22:02:05.722 | INFO     | __main__:<module>:74 - Réponse backend ID 13: {'id': 13, 'text': 'Roses are red, Violets are blue'}
2025-12-10 22:02:05.722 | INFO     | __main__:<module>:74 - Réponse backend ID 13: {'id': 13, 'text': 'Roses are red, Violets are blue'}
2025-12-10 22:02:05.722 | INFO     | __main__:<module>:74 - Réponse backend ID 13: {'id': 13, 'text': 'Roses are red, Violets are blue'}
2025-12-10 22:02:05.722 | INFO     | __main__:<module>:74 - Réponse backend ID 13: {'id': 13, 'text': 'Roses are red, Violets are blue'}
2025-12-10 22:02:08.446 | INFO     | __main__:<module>:69 - Demande de citation ID=14 à http://127.0.0.1:9000/read/
2025-12-10 22:02:08.446 | INFO     | __main__:<module>:69 - Demande de citation ID=14 à http://127.0.0.1:9000/read/
2025-12-10 22:02:08.446 | INFO     | __main__:<module>:69 - Demande de citation ID=14 à http://127.0.0.1:9000/read/
2025-12-10 22:02:08.446 | INFO     | __main__:<module>:69 - Demande de citation ID=14 à http://127.0.0.1:9000/read/
2025-12-10 22:02:08.446 | INFO     | __main__:<module>:69 - Demande de citation ID=14 à http://127.0.0.1:9000/read/
2025-12-10 22:02:08.446 | INFO     | __main__:<module>:69 - Demande de citation ID=14 à http://127.0.0.1:9000/read/
2025-12-10 22:02:08.446 | INFO     | __main__:<module>:69 - Demande de citation ID=14 à http://127.0.0.1:9000/read/
2025-12-10 22:02:08.446 | INFO     | __main__:<module>:69 - Demande de citation ID=14 à http://127.0.0.1:9000/read/
2025-12-10 22:02:08.446 | INFO     | __main__:<module>:69 - Demande de citation ID=14 à http://127.0.0.1:9000/read/
2025-12-10 22:02:08.446 | INFO     | __main__:<module>:69 - Demande de citation ID=14 à http://127.0.0.1:9000/read/
2025-12-10 22:02:08.446 | INFO     | __main__:<module>:69 - Demande de citation ID=14 à http://127.0.0.1:9000/read/
2025-12-10 22:02:08.446 | INFO     | __main__:<module>:69 - Demande de citation ID=14 à http://127.0.0.1:9000/read/
2025-12-10 22:02:08.446 | INFO     | __main__:<module>:69 - Demande de citation ID=14 à http://127.0.0.1:9000/read/
2025-12-10 22:02:08.446 | INFO     | __main__:<module>:69 - Demande de citation ID=14 à http://127.0.0.1:9000/read/
2025-12-10 22:02:08.446 | INFO     | __main__:<module>:69 - Demande de citation ID=14 à http://127.0.0.1:9000/read/
2025-12-10 22:02:08.446 | INFO     | __main__:<module>:69 - Demande de citation ID=14 à http://127.0.0.1:9000/read/
2025-12-10 22:02:08.446 | INFO     | __main__:<module>:69 - Demande de citation ID=14 à http://127.0.0.1:9000/read/
2025-12-10 22:02:08.446 | INFO     | __main__:<module>:69 - Demande de citation ID=14 à http://127.0.0.1:9000/read/
2025-12-10 22:02:08.446 | INFO     | __main__:<module>:69 - Demande de citation ID=14 à http://127.0.0.1:9000/read/
2025-12-10 22:02:08.473 | INFO     | __main__:<module>:74 - Réponse backend ID 14: {'id': 14, 'text': 'No Pain No Gain'}
2025-12-10 22:02:08.473 | INFO     | __main__:<module>:74 - Réponse backend ID 14: {'id': 14, 'text': 'No Pain No Gain'}
2025-12-10 22:02:08.473 | INFO     | __main__:<module>:74 - Réponse backend ID 14: {'id': 14, 'text': 'No Pain No Gain'}
2025-12-10 22:02:08.473 | INFO     | __main__:<module>:74 - Réponse backend ID 14: {'id': 14, 'text': 'No Pain No Gain'}
2025-12-10 22:02:08.473 | INFO     | __main__:<module>:74 - Réponse backend ID 14: {'id': 14, 'text': 'No Pain No Gain'}
2025-12-10 22:02:08.473 | INFO     | __main__:<module>:74 - Réponse backend ID 14: {'id': 14, 'text': 'No Pain No Gain'}
2025-12-10 22:02:08.473 | INFO     | __main__:<module>:74 - Réponse backend ID 14: {'id': 14, 'text': 'No Pain No Gain'}
2025-12-10 22:02:08.473 | INFO     | __main__:<module>:74 - Réponse backend ID 14: {'id': 14, 'text': 'No Pain No Gain'}
2025-12-10 22:02:08.473 | INFO     | __main__:<module>:74 - Réponse backend ID 14: {'id': 14, 'text': 'No Pain No Gain'}
2025-12-10 22:02:08.473 | INFO     | __main__:<module>:74 - Réponse backend ID 14: {'id': 14, 'text': 'No Pain No Gain'}
2025-12-10 22:02:08.473 | INFO     | __main__:<module>:74 - Réponse backend ID 14: {'id': 14, 'text': 'No Pain No Gain'}
2025-12-10 22:02:08.473 | INFO     | __main__:<module>:74 - Réponse backend ID 14: {'id': 14, 'text': 'No Pain No Gain'}
2025-12-10 22:02:08.473 | INFO     | __main__:<module>:74 - Réponse backend ID 14: {'id': 14, 'text': 'No Pain No Gain'}
2025-12-10 22:02:08.473 | INFO     | __main__:<module>:74 - Réponse backend ID 14: {'id': 14, 'text': 'No Pain No Gain'}
2025-12-10 22:02:08.473 | INFO     | __main__:<module>:74 - Réponse backend ID 14: {'id': 14, 'text': 'No Pain No Gain'}
2025-12-10 22:02:08.473 | INFO     | __main__:<module>:74 - Réponse backend ID 14: {'id': 14, 'text': 'No Pain No Gain'}
2025-12-10 22:02:08.473 | INFO     | __main__:<module>:74 - Réponse backend ID 14: {'id': 14, 'text': 'No Pain No Gain'}
2025-12-10 22:02:08.473 | INFO     | __main__:<module>:74 - Réponse backend ID 14: {'id': 14, 'text': 'No Pain No Gain'}
2025-12-10 22:02:08.473 | INFO     | __main__:<module>:74 - Réponse backend ID 14: {'id': 14, 'text': 'No Pain No Gain'}
2025-12-10 22:02:10.596 | INFO     | __main__:<module>:108 - Envoi à l'API IA pour analyse: ID=14
2025-12-10 22:02:10.596 | INFO     | __main__:<module>:108 - Envoi à l'API IA pour analyse: ID=14
2025-12-10 22:02:10.596 | INFO     | __main__:<module>:108 - Envoi à l'API IA pour analyse: ID=14
2025-12-10 22:02:10.596 | INFO     | __main__:<module>:108 - Envoi à l'API IA pour analyse: ID=14
2025-12-10 22:02:10.596 | INFO     | __main__:<module>:108 - Envoi à l'API IA pour analyse: ID=14
2025-12-10 22:02:10.596 | INFO     | __main__:<module>:108 - Envoi à l'API IA pour analyse: ID=14
2025-12-10 22:02:10.596 | INFO     | __main__:<module>:108 - Envoi à l'API IA pour analyse: ID=14
2025-12-10 22:02:10.596 | INFO     | __main__:<module>:108 - Envoi à l'API IA pour analyse: ID=14
2025-12-10 22:02:10.596 | INFO     | __main__:<module>:108 - Envoi à l'API IA pour analyse: ID=14
2025-12-10 22:02:10.596 | INFO     | __main__:<module>:108 - Envoi à l'API IA pour analyse: ID=14
2025-12-10 22:02:10.596 | INFO     | __main__:<module>:108 - Envoi à l'API IA pour analyse: ID=14
2025-12-10 22:02:10.596 | INFO     | __main__:<module>:108 - Envoi à l'API IA pour analyse: ID=14
2025-12-10 22:02:10.596 | INFO     | __main__:<module>:108 - Envoi à l'API IA pour analyse: ID=14
2025-12-10 22:02:10.596 | INFO     | __main__:<module>:108 - Envoi à l'API IA pour analyse: ID=14
2025-12-10 22:02:10.596 | INFO     | __main__:<module>:108 - Envoi à l'API IA pour analyse: ID=14
2025-12-10 22:02:10.596 | INFO     | __main__:<module>:108 - Envoi à l'API IA pour analyse: ID=14
2025-12-10 22:02:10.596 | INFO     | __main__:<module>:108 - Envoi à l'API IA pour analyse: ID=14
2025-12-10 22:02:10.596 | INFO     | __main__:<module>:108 - Envoi à l'API IA pour analyse: ID=14
2025-12-10 22:02:10.596 | INFO     | __main__:<module>:108 - Envoi à l'API IA pour analyse: ID=14
2025-12-10 22:02:10.596 | INFO     | __main__:<module>:108 - Envoi à l'API IA pour analyse: ID=14
2025-12-10 22:02:10.602 | INFO     | __main__:<module>:115 - Réponse API IA status=200 body={"neg":0.694,"neu":0.0,"pos":0.306,"compound":-0.5106}
2025-12-10 22:02:10.602 | INFO     | __main__:<module>:115 - Réponse API IA status=200 body={"neg":0.694,"neu":0.0,"pos":0.306,"compound":-0.5106}
2025-12-10 22:02:10.602 | INFO     | __main__:<module>:115 - Réponse API IA status=200 body={"neg":0.694,"neu":0.0,"pos":0.306,"compound":-0.5106}
2025-12-10 22:02:10.602 | INFO     | __main__:<module>:115 - Réponse API IA status=200 body={"neg":0.694,"neu":0.0,"pos":0.306,"compound":-0.5106}
2025-12-10 22:02:10.602 | INFO     | __main__:<module>:115 - Réponse API IA status=200 body={"neg":0.694,"neu":0.0,"pos":0.306,"compound":-0.5106}
2025-12-10 22:02:10.602 | INFO     | __main__:<module>:115 - Réponse API IA status=200 body={"neg":0.694,"neu":0.0,"pos":0.306,"compound":-0.5106}
2025-12-10 22:02:10.602 | INFO     | __main__:<module>:115 - Réponse API IA status=200 body={"neg":0.694,"neu":0.0,"pos":0.306,"compound":-0.5106}
2025-12-10 22:02:10.602 | INFO     | __main__:<module>:115 - Réponse API IA status=200 body={"neg":0.694,"neu":0.0,"pos":0.306,"compound":-0.5106}
2025-12-10 22:02:10.602 | INFO     | __main__:<module>:115 - Réponse API IA status=200 body={"neg":0.694,"neu":0.0,"pos":0.306,"compound":-0.5106}
2025-12-10 22:02:10.602 | INFO     | __main__:<module>:115 - Réponse API IA status=200 body={"neg":0.694,"neu":0.0,"pos":0.306,"compound":-0.5106}
2025-12-10 22:02:10.602 | INFO     | __main__:<module>:115 - Réponse API IA status=200 body={"neg":0.694,"neu":0.0,"pos":0.306,"compound":-0.5106}
2025-12-10 22:02:10.602 | INFO     | __main__:<module>:115 - Réponse API IA status=200 body={"neg":0.694,"neu":0.0,"pos":0.306,"compound":-0.5106}
2025-12-10 22:02:10.602 | INFO     | __main__:<module>:115 - Réponse API IA status=200 body={"neg":0.694,"neu":0.0,"pos":0.306,"compound":-0.5106}
2025-12-10 22:02:10.602 | INFO     | __main__:<module>:115 - Réponse API IA status=200 body={"neg":0.694,"neu":0.0,"pos":0.306,"compound":-0.5106}
2025-12-10 22:02:10.602 | INFO     | __main__:<module>:115 - Réponse API IA status=200 body={"neg":0.694,"neu":0.0,"pos":0.306,"compound":-0.5106}
2025-12-10 22:02:10.602 | INFO     | __main__:<module>:115 - Réponse API IA status=200 body={"neg":0.694,"neu":0.0,"pos":0.306,"compound":-0.5106}
2025-12-10 22:02:10.602 | INFO     | __main__:<module>:115 - Réponse API IA status=200 body={"neg":0.694,"neu":0.0,"pos":0.306,"compound":-0.5106}
2025-12-10 22:02:10.602 | INFO     | __main__:<module>:115 - Réponse API IA status=200 body={"neg":0.694,"neu":0.0,"pos":0.306,"compound":-0.5106}
2025-12-10 22:02:10.602 | INFO     | __main__:<module>:115 - Réponse API IA status=200 body={"neg":0.694,"neu":0.0,"pos":0.306,"compound":-0.5106}
2025-12-10 22:02:10.602 | INFO     | __main__:<module>:115 - Réponse API IA status=200 body={"neg":0.694,"neu":0.0,"pos":0.306,"compound":-0.5106}
2025-12-10 22:15:40.640 | INFO     | __main__:<module>:34 - Demande de citation aléatoire à http://127.0.0.1:9000/read/random/
2025-12-10 22:15:40.640 | INFO     | __main__:<module>:34 - Demande de citation aléatoire à http://127.0.0.1:9000/read/random/
2025-12-10 22:15:40.640 | INFO     | __main__:<module>:34 - Demande de citation aléatoire à http://127.0.0.1:9000/read/random/
2025-12-10 22:15:40.640 | INFO     | __main__:<module>:34 - Demande de citation aléatoire à http://127.0.0.1:9000/read/random/
2025-12-10 22:15:40.640 | INFO     | __main__:<module>:34 - Demande de citation aléatoire à http://127.0.0.1:9000/read/random/
2025-12-10 22:15:40.640 | INFO     | __main__:<module>:34 - Demande de citation aléatoire à http://127.0.0.1:9000/read/random/
2025-12-10 22:15:40.640 | INFO     | __main__:<module>:34 - Demande de citation aléatoire à http://127.0.0.1:9000/read/random/
2025-12-10 22:15:40.640 | INFO     | __main__:<module>:34 - Demande de citation aléatoire à http://127.0.0.1:9000/read/random/
2025-12-10 22:15:40.640 | INFO     | __main__:<module>:34 - Demande de citation aléatoire à http://127.0.0.1:9000/read/random/
2025-12-10 22:15:40.640 | INFO     | __main__:<module>:34 - Demande de citation aléatoire à http://127.0.0.1:9000/read/random/
2025-12-10 22:15:40.640 | INFO     | __main__:<module>:34 - Demande de citation aléatoire à http://127.0.0.1:9000/read/random/
2025-12-10 22:15:40.640 | INFO     | __main__:<module>:34 - Demande de citation aléatoire à http://127.0.0.1:9000/read/random/
2025-12-10 22:15:40.640 | INFO     | __main__:<module>:34 - Demande de citation aléatoire à http://127.0.0.1:9000/read/random/
2025-12-10 22:15:40.640 | INFO     | __main__:<module>:34 - Demande de citation aléatoire à http://127.0.0.1:9000/read/random/
2025-12-10 22:15:40.640 | INFO     | __main__:<module>:34 - Demande de citation aléatoire à http://127.0.0.1:9000/read/random/
2025-12-10 22:15:40.640 | INFO     | __main__:<module>:34 - Demande de citation aléatoire à http://127.0.0.1:9000/read/random/
2025-12-10 22:15:40.640 | INFO     | __main__:<module>:34 - Demande de citation aléatoire à http://127.0.0.1:9000/read/random/
2025-12-10 22:15:40.640 | INFO     | __main__:<module>:34 - Demande de citation aléatoire à http://127.0.0.1:9000/read/random/
2025-12-10 22:15:40.640 | INFO     | __main__:<module>:34 - Demande de citation aléatoire à http://127.0.0.1:9000/read/random/
2025-12-10 22:15:40.640 | INFO     | __main__:<module>:34 - Demande de citation aléatoire à http://127.0.0.1:9000/read/random/
2025-12-10 22:15:40.640 | INFO     | __main__:<module>:34 - Demande de citation aléatoire à http://127.0.0.1:9000/read/random/
2025-12-10 22:15:40.640 | INFO     | __main__:<module>:34 - Demande de citation aléatoire à http://127.0.0.1:9000/read/random/
2025-12-10 22:15:40.640 | INFO     | __main__:<module>:34 - Demande de citation aléatoire à http://127.0.0.1:9000/read/random/
2025-12-10 22:15:40.640 | INFO     | __main__:<module>:34 - Demande de citation aléatoire à http://127.0.0.1:9000/read/random/
2025-12-10 22:15:40.663 | INFO     | __main__:<module>:39 - Réponse backend random: {'id': 3, 'text': 'Roses are red, Violets are blue'}
2025-12-10 22:15:40.663 | INFO     | __main__:<module>:39 - Réponse backend random: {'id': 3, 'text': 'Roses are red, Violets are blue'}
2025-12-10 22:15:40.663 | INFO     | __main__:<module>:39 - Réponse backend random: {'id': 3, 'text': 'Roses are red, Violets are blue'}
2025-12-10 22:15:40.663 | INFO     | __main__:<module>:39 - Réponse backend random: {'id': 3, 'text': 'Roses are red, Violets are blue'}
2025-12-10 22:15:40.663 | INFO     | __main__:<module>:39 - Réponse backend random: {'id': 3, 'text': 'Roses are red, Violets are blue'}
2025-12-10 22:15:40.663 | INFO     | __main__:<module>:39 - Réponse backend random: {'id': 3, 'text': 'Roses are red, Violets are blue'}
2025-12-10 22:15:40.663 | INFO     | __main__:<module>:39 - Réponse backend random: {'id': 3, 'text': 'Roses are red, Violets are blue'}
2025-12-10 22:15:40.663 | INFO     | __main__:<module>:39 - Réponse backend random: {'id': 3, 'text': 'Roses are red, Violets are blue'}
2025-12-10 22:15:40.663 | INFO     | __main__:<module>:39 - Réponse backend random: {'id': 3, 'text': 'Roses are red, Violets are blue'}
2025-12-10 22:15:40.663 | INFO     | __main__:<module>:39 - Réponse backend random: {'id': 3, 'text': 'Roses are red, Violets are blue'}
2025-12-10 22:15:40.663 | INFO     | __main__:<module>:39 - Réponse backend random: {'id': 3, 'text': 'Roses are red, Violets are blue'}
2025-12-10 22:15:40.663 | INFO     | __main__:<module>:39 - Réponse backend random: {'id': 3, 'text': 'Roses are red, Violets are blue'}
2025-12-10 22:15:40.663 | INFO     | __main__:<module>:39 - Réponse backend random: {'id': 3, 'text': 'Roses are red, Violets are blue'}
2025-12-10 22:15:40.663 | INFO     | __main__:<module>:39 - Réponse backend random: {'id': 3, 'text': 'Roses are red, Violets are blue'}
2025-12-10 22:15:40.663 | INFO     | __main__:<module>:39 - Réponse backend random: {'id': 3, 'text': 'Roses are red, Violets are blue'}
2025-12-10 22:15:40.663 | INFO     | __main__:<module>:39 - Réponse backend random: {'id': 3, 'text': 'Roses are red, Violets are blue'}
2025-12-10 22:15:40.663 | INFO     | __main__:<module>:39 - Réponse backend random: {'id': 3, 'text': 'Roses are red, Violets are blue'}
2025-12-10 22:15:40.663 | INFO     | __main__:<module>:39 - Réponse backend random: {'id': 3, 'text': 'Roses are red, Violets are blue'}
2025-12-10 22:15:40.663 | INFO     | __main__:<module>:39 - Réponse backend random: {'id': 3, 'text': 'Roses are red, Violets are blue'}
2025-12-10 22:15:40.663 | INFO     | __main__:<module>:39 - Réponse backend random: {'id': 3, 'text': 'Roses are red, Violets are blue'}
2025-12-10 22:15:40.663 | INFO     | __main__:<module>:39 - Réponse backend random: {'id': 3, 'text': 'Roses are red, Violets are blue'}
2025-12-10 22:15:40.663 | INFO     | __main__:<module>:39 - Réponse backend random: {'id': 3, 'text': 'Roses are red, Violets are blue'}
2025-12-10 22:15:40.663 | INFO     | __main__:<module>:39 - Réponse backend random: {'id': 3, 'text': 'Roses are red, Violets are blue'}
2025-12-10 22:15:40.663 | INFO     | __main__:<module>:39 - Réponse backend random: {'id': 3, 'text': 'Roses are red, Violets are blue'}
2025-12-10 22:16:39.338 | INFO     | __main__:<module>:108 - Envoi à l'API IA pour analyse: ID=3
2025-12-10 22:16:39.338 | INFO     | __main__:<module>:108 - Envoi à l'API IA pour analyse: ID=3
2025-12-10 22:16:39.338 | INFO     | __main__:<module>:108 - Envoi à l'API IA pour analyse: ID=3
2025-12-10 22:16:39.338 | INFO     | __main__:<module>:108 - Envoi à l'API IA pour analyse: ID=3
2025-12-10 22:16:39.338 | INFO     | __main__:<module>:108 - Envoi à l'API IA pour analyse: ID=3
2025-12-10 22:16:39.338 | INFO     | __main__:<module>:108 - Envoi à l'API IA pour analyse: ID=3
2025-12-10 22:16:39.338 | INFO     | __main__:<module>:108 - Envoi à l'API IA pour analyse: ID=3
2025-12-10 22:16:39.338 | INFO     | __main__:<module>:108 - Envoi à l'API IA pour analyse: ID=3
2025-12-10 22:16:39.338 | INFO     | __main__:<module>:108 - Envoi à l'API IA pour analyse: ID=3
2025-12-10 22:16:39.338 | INFO     | __main__:<module>:108 - Envoi à l'API IA pour analyse: ID=3
2025-12-10 22:16:39.338 | INFO     | __main__:<module>:108 - Envoi à l'API IA pour analyse: ID=3
2025-12-10 22:16:39.338 | INFO     | __main__:<module>:108 - Envoi à l'API IA pour analyse: ID=3
2025-12-10 22:16:39.338 | INFO     | __main__:<module>:108 - Envoi à l'API IA pour analyse: ID=3
2025-12-10 22:16:39.338 | INFO     | __main__:<module>:108 - Envoi à l'API IA pour analyse: ID=3
2025-12-10 22:16:39.338 | INFO     | __main__:<module>:108 - Envoi à l'API IA pour analyse: ID=3
2025-12-10 22:16:39.338 | INFO     | __main__:<module>:108 - Envoi à l'API IA pour analyse: ID=3
2025-12-10 22:16:39.338 | INFO     | __main__:<module>:108 - Envoi à l'API IA pour analyse: ID=3
2025-12-10 22:16:39.338 | INFO     | __main__:<module>:108 - Envoi à l'API IA pour analyse: ID=3
2025-12-10 22:16:39.338 | INFO     | __main__:<module>:108 - Envoi à l'API IA pour analyse: ID=3
2025-12-10 22:16:39.338 | INFO     | __main__:<module>:108 - Envoi à l'API IA pour analyse: ID=3
2025-12-10 22:16:39.338 | INFO     | __main__:<module>:108 - Envoi à l'API IA pour analyse: ID=3
2025-12-10 22:16:39.338 | INFO     | __main__:<module>:108 - Envoi à l'API IA pour analyse: ID=3
2025-12-10 22:16:39.338 | INFO     | __main__:<module>:108 - Envoi à l'API IA pour analyse: ID=3
2025-12-10 22:16:39.338 | INFO     | __main__:<module>:108 - Envoi à l'API IA pour analyse: ID=3
2025-12-10 22:16:39.338 | INFO     | __main__:<module>:108 - Envoi à l'API IA pour analyse: ID=3
2025-12-10 22:16:39.347 | INFO     | __main__:<module>:115 - Réponse API IA status=200 body={"neg":0.0,"neu":1.0,"pos":0.0,"compound":0.0}
2025-12-10 22:16:39.347 | INFO     | __main__:<module>:115 - Réponse API IA status=200 body={"neg":0.0,"neu":1.0,"pos":0.0,"compound":0.0}
2025-12-10 22:16:39.347 | INFO     | __main__:<module>:115 - Réponse API IA status=200 body={"neg":0.0,"neu":1.0,"pos":0.0,"compound":0.0}
2025-12-10 22:16:39.347 | INFO     | __main__:<module>:115 - Réponse API IA status=200 body={"neg":0.0,"neu":1.0,"pos":0.0,"compound":0.0}
2025-12-10 22:16:39.347 | INFO     | __main__:<module>:115 - Réponse API IA status=200 body={"neg":0.0,"neu":1.0,"pos":0.0,"compound":0.0}
2025-12-10 22:16:39.347 | INFO     | __main__:<module>:115 - Réponse API IA status=200 body={"neg":0.0,"neu":1.0,"pos":0.0,"compound":0.0}
2025-12-10 22:16:39.347 | INFO     | __main__:<module>:115 - Réponse API IA status=200 body={"neg":0.0,"neu":1.0,"pos":0.0,"compound":0.0}
2025-12-10 22:16:39.347 | INFO     | __main__:<module>:115 - Réponse API IA status=200 body={"neg":0.0,"neu":1.0,"pos":0.0,"compound":0.0}
2025-12-10 22:16:39.347 | INFO     | __main__:<module>:115 - Réponse API IA status=200 body={"neg":0.0,"neu":1.0,"pos":0.0,"compound":0.0}
2025-12-10 22:16:39.347 | INFO     | __main__:<module>:115 - Réponse API IA status=200 body={"neg":0.0,"neu":1.0,"pos":0.0,"compound":0.0}
2025-12-10 22:16:39.347 | INFO     | __main__:<module>:115 - Réponse API IA status=200 body={"neg":0.0,"neu":1.0,"pos":0.0,"compound":0.0}
2025-12-10 22:16:39.347 | INFO     | __main__:<module>:115 - Réponse API IA status=200 body={"neg":0.0,"neu":1.0,"pos":0.0,"compound":0.0}
2025-12-10 22:16:39.347 | INFO     | __main__:<module>:115 - Réponse API IA status=200 body={"neg":0.0,"neu":1.0,"pos":0.0,"compound":0.0}
2025-12-10 22:16:39.347 | INFO     | __main__:<module>:115 - Réponse API IA status=200 body={"neg":0.0,"neu":1.0,"pos":0.0,"compound":0.0}
2025-12-10 22:16:39.347 | INFO     | __main__:<module>:115 - Réponse API IA status=200 body={"neg":0.0,"neu":1.0,"pos":0.0,"compound":0.0}
2025-12-10 22:16:39.347 | INFO     | __main__:<module>:115 - Réponse API IA status=200 body={"neg":0.0,"neu":1.0,"pos":0.0,"compound":0.0}
2025-12-10 22:16:39.347 | INFO     | __main__:<module>:115 - Réponse API IA status=200 body={"neg":0.0,"neu":1.0,"pos":0.0,"compound":0.0}
2025-12-10 22:16:39.347 | INFO     | __main__:<module>:115 - Réponse API IA status=200 body={"neg":0.0,"neu":1.0,"pos":0.0,"compound":0.0}
2025-12-10 22:16:39.347 | INFO     | __main__:<module>:115 - Réponse API IA status=200 body={"neg":0.0,"neu":1.0,"pos":0.0,"compound":0.0}
2025-12-10 22:16:39.347 | INFO     | __main__:<module>:115 - Réponse API IA status=200 body={"neg":0.0,"neu":1.0,"pos":0.0,"compound":0.0}
2025-12-10 22:16:39.347 | INFO     | __main__:<module>:115 - Réponse API IA status=200 body={"neg":0.0,"neu":1.0,"pos":0.0,"compound":0.0}
2025-12-10 22:16:39.347 | INFO     | __main__:<module>:115 - Réponse API IA status=200 body={"neg":0.0,"neu":1.0,"pos":0.0,"compound":0.0}
2025-12-10 22:16:39.347 | INFO     | __main__:<module>:115 - Réponse API IA status=200 body={"neg":0.0,"neu":1.0,"pos":0.0,"compound":0.0}
2025-12-10 22:16:39.347 | INFO     | __main__:<module>:115 - Réponse API IA status=200 body={"neg":0.0,"neu":1.0,"pos":0.0,"compound":0.0}
2025-12-10 22:16:39.347 | INFO     | __main__:<module>:115 - Réponse API IA status=200 body={"neg":0.0,"neu":1.0,"pos":0.0,"compound":0.0}
2025-12-10 22:40:04.529 | INFO     | __main__:<module>:22 - Envoi à l'API IA pour analyse : congratulations
2025-12-10 22:40:04.544 | INFO     | __main__:<module>:29 - Réponse API IA status=200 body={"neg":0.0,"neu":0.0,"pos":1.0,"compound":0.5994}
2025-12-10 22:40:04.549 | SUCCESS  | __main__:<module>:35 - Connexion à l'api IA reussie et score polarité affiché
2025-12-10 22:40:13.512 | INFO     | __main__:<module>:22 - Envoi à l'API IA pour analyse : congratulations success
2025-12-10 22:40:13.536 | INFO     | __main__:<module>:29 - Réponse API IA status=200 body={"neg":0.0,"neu":0.0,"pos":1.0,"compound":0.8225}
2025-12-10 22:40:13.537 | SUCCESS  | __main__:<module>:35 - Connexion à l'api IA reussie et score polarité affiché
2025-12-10 22:40:18.644 | INFO     | __main__:<module>:22 - Envoi à l'API IA pour analyse : congratulations success gg
2025-12-10 22:40:18.649 | INFO     | __main__:<module>:29 - Réponse API IA status=200 body={"neg":0.0,"neu":0.0,"pos":1.0,"compound":0.8689}
2025-12-10 22:40:18.652 | SUCCESS  | __main__:<module>:35 - Connexion à l'api IA reussie et score polarité affiché
2025-12-10 22:40:24.443 | INFO     | __main__:<module>:22 - Envoi à l'API IA pour analyse : congratulations success gg perfect
2025-12-10 22:40:24.450 | INFO     | __main__:<module>:29 - Réponse API IA status=200 body={"neg":0.0,"neu":0.0,"pos":1.0,"compound":0.926}
2025-12-10 22:40:24.452 | SUCCESS  | __main__:<module>:35 - Connexion à l'api IA reussie et score polarité affiché
2025-12-10 22:40:34.011 | INFO     | __main__:<module>:22 - Envoi à l'API IA pour analyse : congratulations success gg perfect amazing

2025-12-10 22:40:34.035 | INFO     | __main__:<module>:29 - Réponse API IA status=200 body={"neg":0.0,"neu":0.0,"pos":1.0,"compound":0.9538}
2025-12-10 22:40:34.036 | SUCCESS  | __main__:<module>:35 - Connexion à l'api IA reussie et score polarité affiché
2025-12-10 22:40:39.113 | INFO     | __main__:<module>:22 - Envoi à l'API IA pour analyse : congratulations success gg perfect amazing 100

2025-12-10 22:40:39.132 | INFO     | __main__:<module>:29 - Réponse API IA status=200 body={"neg":0.0,"neu":0.055,"pos":0.945,"compound":0.9538}
2025-12-10 22:40:39.160 | SUCCESS  | __main__:<module>:35 - Connexion à l'api IA reussie et score polarité affiché
2025-12-10 22:40:43.545 | INFO     | __main__:<module>:22 - Envoi à l'API IA pour analyse : congratulations success gg perfect amazing 100 wow

2025-12-10 22:40:43.551 | INFO     | __main__:<module>:29 - Réponse API IA status=200 body={"neg":0.0,"neu":0.045,"pos":0.955,"compound":0.9686}
2025-12-10 22:40:43.553 | SUCCESS  | __main__:<module>:35 - Connexion à l'api IA reussie et score polarité affiché
2025-12-10 22:40:48.346 | INFO     | __main__:<module>:22 - Envoi à l'API IA pour analyse : congratulations success gg perfect amazing 100 wow yeah

2025-12-10 22:40:48.352 | INFO     | __main__:<module>:29 - Réponse API IA status=200 body={"neg":0.0,"neu":0.041,"pos":0.959,"compound":0.9729}
2025-12-10 22:40:48.355 | SUCCESS  | __main__:<module>:35 - Connexion à l'api IA reussie et score polarité affiché
